Using pre-set license
Built from '2021.3/china_unity/release' branch; Version is '2021.3.6f1c1 (07401303b748) revision 475155'; Using compiler version '192829333'; Build Type 'Release'
OS: 'Windows 10  (10.0.17763) 64bit EnterpriseS' Language: 'zh' Physical Memory: 8011 MB
BatchMode: 1, IsHumanControllingUs: 0, StartBugReporterOnCrash: 0, Is64bit: 1, IsPro: 1

COMMAND LINE ARGUMENTS:
C:\Program Files\Unity\Hub\Editor\2021.3.6f1c1\Editor\Unity.exe
-adb2
-batchMode
-noUpm
-name
AssetImportWorker1
-projectPath
E:/silkRender
-logFile
Logs/AssetImportWorker1.log
-srvPort
58795
Successfully changed project path to: E:/silkRender
E:/silkRender
[UnityMemory] Configuration Parameters - Can be set up in boot.config
    "memorysetup-bucket-allocator-granularity=16"
    "memorysetup-bucket-allocator-bucket-count=8"
    "memorysetup-bucket-allocator-block-size=33554432"
    "memorysetup-bucket-allocator-block-count=8"
    "memorysetup-main-allocator-block-size=16777216"
    "memorysetup-thread-allocator-block-size=16777216"
    "memorysetup-gfx-main-allocator-block-size=16777216"
    "memorysetup-gfx-thread-allocator-block-size=16777216"
    "memorysetup-cache-allocator-block-size=4194304"
    "memorysetup-typetree-allocator-block-size=2097152"
    "memorysetup-profiler-bucket-allocator-granularity=16"
    "memorysetup-profiler-bucket-allocator-bucket-count=8"
    "memorysetup-profiler-bucket-allocator-block-size=33554432"
    "memorysetup-profiler-bucket-allocator-block-count=8"
    "memorysetup-profiler-allocator-block-size=16777216"
    "memorysetup-profiler-editor-allocator-block-size=1048576"
    "memorysetup-temp-allocator-size-main=16777216"
    "memorysetup-job-temp-allocator-block-size=2097152"
    "memorysetup-job-temp-allocator-block-size-background=1048576"
    "memorysetup-job-temp-allocator-reduction-small-platforms=262144"
    "memorysetup-temp-allocator-size-background-worker=32768"
    "memorysetup-temp-allocator-size-job-worker=262144"
    "memorysetup-temp-allocator-size-preload-manager=33554432"
    "memorysetup-temp-allocator-size-nav-mesh-worker=65536"
    "memorysetup-temp-allocator-size-audio-worker=65536"
    "memorysetup-temp-allocator-size-cloud-worker=32768"
    "memorysetup-temp-allocator-size-gi-baking-worker=262144"
    "memorysetup-temp-allocator-size-gfx=262144"
AS: AutoStreaming module initializing.
Refreshing native plugins compatible for Editor in 97.64 ms, found 3 plugins.
Preloading 0 native plugins for Editor in 0.00 ms.
Initialize engine version: 2021.3.6f1c1 (07401303b748)
[Subsystems] Discovering subsystems at path C:/Program Files/Unity/Hub/Editor/2021.3.6f1c1/Editor/Data/Resources/UnitySubsystems
[Subsystems] Discovering subsystems at path E:/silkRender/Assets
GfxDevice: creating device client; threaded=0; jobified=0
Direct3D:
    Version:  Direct3D 11.0 [level 11.1]
    Renderer: Intel(R) UHD Graphics 630 (ID=0x3e98)
    Vendor:   Intel
    VRAM:     4005 MB
    Driver:   30.0.100.9864
Initialize mono
Mono path[0] = 'C:/Program Files/Unity/Hub/Editor/2021.3.6f1c1/Editor/Data/Managed'
Mono path[1] = 'C:/Program Files/Unity/Hub/Editor/2021.3.6f1c1/Editor/Data/MonoBleedingEdge/lib/mono/unityjit-win32'
Mono config path = 'C:/Program Files/Unity/Hub/Editor/2021.3.6f1c1/Editor/Data/MonoBleedingEdge/etc'
Using monoOptions --debugger-agent=transport=dt_socket,embedding=1,server=y,suspend=n,address=127.0.0.1:56848
Begin MonoManager ReloadAssembly
Registering precompiled unity dll's ...
Register platform support module: C:/Program Files/Unity/Hub/Editor/2021.3.6f1c1/Editor/Data/PlaybackEngines/WebGLSupport/UnityEditor.WebGL.Extensions.dll
Register platform support module: C:/Program Files/Unity/Hub/Editor/2021.3.6f1c1/Editor/Data/PlaybackEngines/WindowsStandaloneSupport/UnityEditor.WindowsStandalone.Extensions.dll
Registered in 0.005145 seconds.
Native extension for WindowsStandalone target not found
Native extension for WebGL target not found
Refreshing native plugins compatible for Editor in 96.48 ms, found 3 plugins.
Preloading 0 native plugins for Editor in 0.00 ms.
Mono: successfully reloaded assembly
- Completed reload, in  0.669 seconds
Domain Reload Profiling:
	ReloadAssembly (670ms)
		BeginReloadAssembly (73ms)
			ExecutionOrderSort (0ms)
			DisableScriptedObjects (0ms)
			BackupInstance (0ms)
			ReleaseScriptingObjects (0ms)
			CreateAndSetChildDomain (1ms)
		EndReloadAssembly (474ms)
			LoadAssemblies (69ms)
			RebuildTransferFunctionScriptingTraits (0ms)
			SetupTypeCache (115ms)
			ReleaseScriptCaches (0ms)
			RebuildScriptCaches (29ms)
			SetupLoadedEditorAssemblies (275ms)
				LogAssemblyErrors (0ms)
				InitializePlatformSupportModulesInManaged (8ms)
				SetLoadedEditorAssemblies (0ms)
				RefreshPlugins (97ms)
				BeforeProcessingInitializeOnLoad (1ms)
				ProcessInitializeOnLoadAttributes (124ms)
				ProcessInitializeOnLoadMethodAttributes (44ms)
				AfterProcessingInitializeOnLoad (0ms)
				EditorAssembliesLoaded (0ms)
			ExecutionOrderSort2 (0ms)
			AwakeInstancesAfterBackupRestoration (0ms)
Platform modules already initialized, skipping
Registering precompiled user dll's ...
Registered in 0.010267 seconds.
Begin MonoManager ReloadAssembly
Symbol file LoadedFromMemory doesn't match image E:\silkRender\Library\PackageCache\com.unity.visualscripting@1.7.8\Editor\VisualScripting.Core\Dependencies\YamlDotNet\Unity.VisualScripting.YamlDotNet.dll
Symbol file LoadedFromMemory doesn't match image E:\silkRender\Library\PackageCache\com.unity.visualscripting@1.7.8\Editor\VisualScripting.Core\Dependencies\DotNetZip\Unity.VisualScripting.IonicZip.dll
Native extension for WindowsStandalone target not found
Native extension for WebGL target not found
Refreshing native plugins compatible for Editor in 450.83 ms, found 3 plugins.
Preloading 0 native plugins for Editor in 0.00 ms.
Mono: successfully reloaded assembly
- Completed reload, in  4.946 seconds
Domain Reload Profiling:
	ReloadAssembly (4947ms)
		BeginReloadAssembly (181ms)
			ExecutionOrderSort (0ms)
			DisableScriptedObjects (8ms)
			BackupInstance (0ms)
			ReleaseScriptingObjects (1ms)
			CreateAndSetChildDomain (39ms)
		EndReloadAssembly (3507ms)
			LoadAssemblies (1622ms)
			RebuildTransferFunctionScriptingTraits (0ms)
			SetupTypeCache (311ms)
			ReleaseScriptCaches (1ms)
			RebuildScriptCaches (56ms)
			SetupLoadedEditorAssemblies (1498ms)
				LogAssemblyErrors (0ms)
				InitializePlatformSupportModulesInManaged (5ms)
				SetLoadedEditorAssemblies (0ms)
				RefreshPlugins (456ms)
				BeforeProcessingInitializeOnLoad (104ms)
				ProcessInitializeOnLoadAttributes (822ms)
				ProcessInitializeOnLoadMethodAttributes (98ms)
				AfterProcessingInitializeOnLoad (14ms)
				EditorAssembliesLoaded (0ms)
			ExecutionOrderSort2 (0ms)
			AwakeInstancesAfterBackupRestoration (6ms)
Platform modules already initialized, skipping
========================================================================
Worker process is ready to serve import requests
Launched and connected shader compiler UnityShaderCompiler.exe after 1.15 seconds
Refreshing native plugins compatible for Editor in 0.86 ms, found 3 plugins.
Preloading 0 native plugins for Editor in 0.00 ms.
Unloading 5019 Unused Serialized files (Serialized files now loaded: 0)
Unloading 34 unused Assets / (0.7 MB). Loaded Objects now: 5471.
Memory consumption went from 195.7 MB to 195.0 MB.
Total: 6.289900 ms (FindLiveObjects: 0.804600 ms CreateObjectMapping: 0.796600 ms MarkObjects: 4.290200 ms  DeleteObjects: 0.396000 ms)

AssetImportParameters requested are different than current active one (requested -> active):
  custom:video-decoder-ogg-theora: a1e56fd34408186e4bbccfd4996cb3dc -> 
  custom:container-muxer-webm: aa71ff27fc2769a1b78a27578f13a17b -> 
  custom:container-demuxer-webm: 4f35f7cbe854078d1ac9338744f61a02 -> 
  custom:video-encoder-webm-vp8: eb34c28f22e8b96e1ab97ce403110664 -> 
  custom:audio-encoder-webm-vorbis: bf7c407c2cedff20999df2af8eb42d56 -> 
  custom:framework-win-MediaFoundation: 216162199b28c13a410421893ffa2e32 -> 
  custom:container-demuxer-ogg: 62fdf1f143b41e24485cea50d1cbac27 -> 
  custom:video-decoder-webm-vp8: 9c59270c3fd7afecdb556c50c9e8de78 -> 
  custom:audio-decoder-ogg-vorbis: bf7c407c2cedff20999df2af8eb42d56 -> 
========================================================================
Received Import Request.
  Time since last request: 338048.423139 seconds.
  path: Assets/UniversalRenderPipelineGlobalSettings.asset
  artifactKey: Guid(18dc0cd2c080841dea60987a38ce93fa) Importer(815301076,1909f56bfc062723c751e8b465ee728b)
Start importing Assets/UniversalRenderPipelineGlobalSettings.asset using Guid(18dc0cd2c080841dea60987a38ce93fa) Importer(815301076,1909f56bfc062723c751e8b465ee728b)  -> (artifact id: '2eecc253734895facb66926253515a97') in 0.063856 seconds 
========================================================================
Received Import Request.
  Time since last request: 0.000053 seconds.
  path: Assets/Readme.asset
  artifactKey: Guid(8105016687592461f977c054a80ce2f2) Importer(815301076,1909f56bfc062723c751e8b465ee728b)
Start importing Assets/Readme.asset using Guid(8105016687592461f977c054a80ce2f2) Importer(815301076,1909f56bfc062723c751e8b465ee728b)  -> (artifact id: '0f2f2b655bf21bdea72856b1c39a4a32') in 0.087321 seconds 
========================================================================
Received Import Request.
  Time since last request: 260.401425 seconds.
  path: Assets/Block.mat
  artifactKey: Guid(71000c371074c6149bb814deff4a8f3e) Importer(815301076,1909f56bfc062723c751e8b465ee728b)
Start importing Assets/Block.mat using Guid(71000c371074c6149bb814deff4a8f3e) Importer(815301076,1909f56bfc062723c751e8b465ee728b)  -> (artifact id: 'c2f842d02e1dae01585601c8e33a0e6c') in 14.647735 seconds 
========================================================================
Received Import Request.
  Time since last request: 0.000037 seconds.
  path: Assets/Hestia_v1.0_2.79.fbx
  artifactKey: Guid(16cb3325c4001674f9ee119c7c2e5587) Importer(815301076,1909f56bfc062723c751e8b465ee728b)
Start importing Assets/Hestia_v1.0_2.79.fbx using Guid(16cb3325c4001674f9ee119c7c2e5587) Importer(815301076,1909f56bfc062723c751e8b465ee728b)  -> (artifact id: 'a38a904de57b2bbb8a4fb16f3f257bf2') in 3.062103 seconds 
========================================================================
Received Import Request.
  Time since last request: 0.000054 seconds.
  path: Assets/New_Graph_basecolor.png
  artifactKey: Guid(394a5f8cc2d304d48bf1274193a739cc) Importer(815301076,1909f56bfc062723c751e8b465ee728b)
Start importing Assets/New_Graph_basecolor.png using Guid(394a5f8cc2d304d48bf1274193a739cc) Importer(815301076,1909f56bfc062723c751e8b465ee728b)  -> (artifact id: '40d3c00a951fc9c9a89fd10765d24dd8') in 0.064329 seconds 
========================================================================
Received Import Request.
  Time since last request: 0.000046 seconds.
  path: Assets/hhhh.fbx
  artifactKey: Guid(08df667835a12544e9c743a9627525a3) Importer(815301076,1909f56bfc062723c751e8b465ee728b)
Start importing Assets/hhhh.fbx using Guid(08df667835a12544e9c743a9627525a3) Importer(815301076,1909f56bfc062723c751e8b465ee728b)  -> (artifact id: '29bff907d019d8651c50c56e4bebe525') in 0.100365 seconds 
========================================================================
Received Import Request.
  Time since last request: 0.000170 seconds.
  path: Assets/New_Graph_normal.png
  artifactKey: Guid(3c593eb745567d24db61ff2561028411) Importer(815301076,1909f56bfc062723c751e8b465ee728b)
Start importing Assets/New_Graph_normal.png using Guid(3c593eb745567d24db61ff2561028411) Importer(815301076,1909f56bfc062723c751e8b465ee728b)  -> (artifact id: '55f389435daed84ad87771438d18c36c') in 0.257357 seconds 
========================================================================
Received Import Request.
  Time since last request: 16.383665 seconds.
  path: Assets
  artifactKey: Guid(00000000000000001000000000000000) Importer(815301076,1909f56bfc062723c751e8b465ee728b)
Start importing Assets using Guid(00000000000000001000000000000000) Importer(815301076,1909f56bfc062723c751e8b465ee728b)  -> (artifact id: '79842766b460edbeab6a34051e857a80') in 0.005503 seconds 
========================================================================
Received Import Request.
  Time since last request: 1046.229435 seconds.
  path: Assets/New_Graph_output.png
  artifactKey: Guid(bcdbec20f92b11e4eb6c6e52775ce9d6) Importer(815301076,1909f56bfc062723c751e8b465ee728b)
Start importing Assets/New_Graph_output.png using Guid(bcdbec20f92b11e4eb6c6e52775ce9d6) Importer(815301076,1909f56bfc062723c751e8b465ee728b)  -> (artifact id: 'a8f6d4f6aa13d0dd7eb9fef3e15755c2') in 0.022424 seconds 
========================================================================
Received Import Request.
  Time since last request: 10.671430 seconds.
  path: Assets/Block.mat
  artifactKey: Guid(71000c371074c6149bb814deff4a8f3e) Importer(815301076,1909f56bfc062723c751e8b465ee728b)
Start importing Assets/Block.mat using Guid(71000c371074c6149bb814deff4a8f3e) Importer(815301076,1909f56bfc062723c751e8b465ee728b)  -> (artifact id: '33a3fea98d7c44292ae2d9bee6546168') in 0.507605 seconds 
========================================================================
Received Import Request.
  Time since last request: 0.000024 seconds.
  path: Assets/New_Graph_basecolor.png
  artifactKey: Guid(394a5f8cc2d304d48bf1274193a739cc) Importer(815301076,1909f56bfc062723c751e8b465ee728b)
Start importing Assets/New_Graph_basecolor.png using Guid(394a5f8cc2d304d48bf1274193a739cc) Importer(815301076,1909f56bfc062723c751e8b465ee728b)  -> (artifact id: '62d6008ae9fc14f9e8cdfd86701391d1') in 0.039826 seconds 
========================================================================
Received Import Request.
  Time since last request: 0.000037 seconds.
  path: Assets/New_Graph_normal.png
  artifactKey: Guid(3c593eb745567d24db61ff2561028411) Importer(815301076,1909f56bfc062723c751e8b465ee728b)
Start importing Assets/New_Graph_normal.png using Guid(3c593eb745567d24db61ff2561028411) Importer(815301076,1909f56bfc062723c751e8b465ee728b)  -> (artifact id: 'bd1646e7d6ca31f75ae8729510c0195b') in 0.045646 seconds 
========================================================================
Received Import Request.
  Time since last request: 24.059395 seconds.
  path: Assets/Block.mat
  artifactKey: Guid(71000c371074c6149bb814deff4a8f3e) Importer(815301076,1909f56bfc062723c751e8b465ee728b)
Start importing Assets/Block.mat using Guid(71000c371074c6149bb814deff4a8f3e) Importer(815301076,1909f56bfc062723c751e8b465ee728b)  -> (artifact id: 'e5f406a88de345a01142bcf6389cec44') in 0.487719 seconds 
========================================================================
Received Import Request.
  Time since last request: 0.000076 seconds.
  path: Assets/New_Graph_normal.png
  artifactKey: Guid(3c593eb745567d24db61ff2561028411) Importer(815301076,1909f56bfc062723c751e8b465ee728b)
Start importing Assets/New_Graph_normal.png using Guid(3c593eb745567d24db61ff2561028411) Importer(815301076,1909f56bfc062723c751e8b465ee728b)  -> (artifact id: 'e0a2b102e2e787f97e37cee6a429a935') in 0.042828 seconds 
========================================================================
Received Import Request.
  Time since last request: 18.329388 seconds.
  path: Assets/Block.mat
  artifactKey: Guid(71000c371074c6149bb814deff4a8f3e) Importer(815301076,1909f56bfc062723c751e8b465ee728b)
Start importing Assets/Block.mat using Guid(71000c371074c6149bb814deff4a8f3e) Importer(815301076,1909f56bfc062723c751e8b465ee728b)  -> (artifact id: '275ed752f8a12494749494faa50d40d5') in 0.195386 seconds 
========================================================================
Received Import Request.
  Time since last request: 0.000033 seconds.
  path: Assets/New_Graph_normal.png
  artifactKey: Guid(3c593eb745567d24db61ff2561028411) Importer(815301076,1909f56bfc062723c751e8b465ee728b)
Start importing Assets/New_Graph_normal.png using Guid(3c593eb745567d24db61ff2561028411) Importer(815301076,1909f56bfc062723c751e8b465ee728b)  -> (artifact id: 'df054c5ee5820143ca13dbadad56cb7b') in 0.033047 seconds 
========================================================================
Received Import Request.
  Time since last request: 43.767204 seconds.
  path: Assets/Block.mat
  artifactKey: Guid(71000c371074c6149bb814deff4a8f3e) Importer(815301076,1909f56bfc062723c751e8b465ee728b)
Start importing Assets/Block.mat using Guid(71000c371074c6149bb814deff4a8f3e) Importer(815301076,1909f56bfc062723c751e8b465ee728b)  -> (artifact id: 'aa5428434dfaf0ae67cf7bedbdcb0fcf') in 0.206160 seconds 
========================================================================
Received Import Request.
  Time since last request: 0.000037 seconds.
  path: Assets/New_Graph_normal.png
  artifactKey: Guid(3c593eb745567d24db61ff2561028411) Importer(815301076,1909f56bfc062723c751e8b465ee728b)
Start importing Assets/New_Graph_normal.png using Guid(3c593eb745567d24db61ff2561028411) Importer(815301076,1909f56bfc062723c751e8b465ee728b)  -> (artifact id: '1a71e25ebfb7e59c59951f445495e219') in 0.046937 seconds 
========================================================================
Received Import Request.
  Time since last request: 151.562735 seconds.
  path: Assets/New_Graph_normal.png
  artifactKey: Guid(3c593eb745567d24db61ff2561028411) Importer(815301076,1909f56bfc062723c751e8b465ee728b)
Start importing Assets/New_Graph_normal.png using Guid(3c593eb745567d24db61ff2561028411) Importer(815301076,1909f56bfc062723c751e8b465ee728b)  -> (artifact id: 'be84b8bca4e0ae35ef32e6a530517d6d') in 0.059136 seconds 
========================================================================
Received Import Request.
  Time since last request: 0.000050 seconds.
  path: Assets/New_Graph_output.png
  artifactKey: Guid(bcdbec20f92b11e4eb6c6e52775ce9d6) Importer(815301076,1909f56bfc062723c751e8b465ee728b)
Start importing Assets/New_Graph_output.png using Guid(bcdbec20f92b11e4eb6c6e52775ce9d6) Importer(815301076,1909f56bfc062723c751e8b465ee728b)  -> (artifact id: '671ea7f09e8b65417c31b12a96955299') in 0.063086 seconds 
========================================================================
Received Import Request.
  Time since last request: 2.668976 seconds.
  path: Assets/Block.mat
  artifactKey: Guid(71000c371074c6149bb814deff4a8f3e) Importer(815301076,1909f56bfc062723c751e8b465ee728b)
Start importing Assets/Block.mat using Guid(71000c371074c6149bb814deff4a8f3e) Importer(815301076,1909f56bfc062723c751e8b465ee728b)  -> (artifact id: 'c03fdffae626cc5da344e76f5c3a9391') in 0.072867 seconds 
========================================================================
Received Import Request.
  Time since last request: 28.116401 seconds.
  path: Assets/BlackSilk.shadergraph
  artifactKey: Guid(68a6447b9f2ae0643a74a8ed47f583dc) Importer(815301076,1909f56bfc062723c751e8b465ee728b)
Start importing Assets/BlackSilk.shadergraph using Guid(68a6447b9f2ae0643a74a8ed47f583dc) Importer(815301076,1909f56bfc062723c751e8b465ee728b)  -> (artifact id: 'f49a892575bfc0f5176c0ee3c288a28c') in 0.009651 seconds 
========================================================================
Received Import Request.
  Time since last request: 155.772563 seconds.
  path: Assets/Block.mat
  artifactKey: Guid(71000c371074c6149bb814deff4a8f3e) Importer(815301076,1909f56bfc062723c751e8b465ee728b)
Start importing Assets/Block.mat using Guid(71000c371074c6149bb814deff4a8f3e) Importer(815301076,1909f56bfc062723c751e8b465ee728b)  -> (artifact id: '172e8f5b82c6a6363a2756d70cba33f6') in 7.013691 seconds 
========================================================================
Received Import Request.
  Time since last request: 136.225766 seconds.
  path: Assets/New_Graph_basecolor.png
  artifactKey: Guid(394a5f8cc2d304d48bf1274193a739cc) Importer(815301076,1909f56bfc062723c751e8b465ee728b)
Start importing Assets/New_Graph_basecolor.png using Guid(394a5f8cc2d304d48bf1274193a739cc) Importer(815301076,1909f56bfc062723c751e8b465ee728b)  -> (artifact id: 'f879014a49d461fdf9a19a0c7b2b2e65') in 0.060317 seconds 
========================================================================
Received Import Request.
  Time since last request: 0.000048 seconds.
  path: Assets/New_Graph_normal.png
  artifactKey: Guid(3c593eb745567d24db61ff2561028411) Importer(815301076,1909f56bfc062723c751e8b465ee728b)
Start importing Assets/New_Graph_normal.png using Guid(3c593eb745567d24db61ff2561028411) Importer(815301076,1909f56bfc062723c751e8b465ee728b)  -> (artifact id: '60fb768970dc2cec2b4e47d9cc15f3ee') in 0.092714 seconds 
========================================================================
Received Import Request.
  Time since last request: 867.841340 seconds.
  path: Assets/New_Graph_basecolor.png
  artifactKey: Guid(394a5f8cc2d304d48bf1274193a739cc) Importer(815301076,1909f56bfc062723c751e8b465ee728b)
Start importing Assets/New_Graph_basecolor.png using Guid(394a5f8cc2d304d48bf1274193a739cc) Importer(815301076,1909f56bfc062723c751e8b465ee728b)  -> (artifact id: 'd9514e8bebcd46f63dfd68855b3b2546') in 0.049530 seconds 
========================================================================
Received Import Request.
  Time since last request: 0.000030 seconds.
  path: Assets/New_Graph_normal.png
  artifactKey: Guid(3c593eb745567d24db61ff2561028411) Importer(815301076,1909f56bfc062723c751e8b465ee728b)
Start importing Assets/New_Graph_normal.png using Guid(3c593eb745567d24db61ff2561028411) Importer(815301076,1909f56bfc062723c751e8b465ee728b)  -> (artifact id: '66a495b0512e9766e1f5961dd1bfcbbf') in 0.044447 seconds 
========================================================================
Received Import Request.
  Time since last request: 282.666007 seconds.
  path: Assets/New_Graph_basecolor.png
  artifactKey: Guid(394a5f8cc2d304d48bf1274193a739cc) Importer(815301076,1909f56bfc062723c751e8b465ee728b)
Start importing Assets/New_Graph_basecolor.png using Guid(394a5f8cc2d304d48bf1274193a739cc) Importer(815301076,1909f56bfc062723c751e8b465ee728b)  -> (artifact id: 'a9836885af5b06d5195da63be651f810') in 0.088824 seconds 
========================================================================
Received Import Request.
  Time since last request: 22.579793 seconds.
  path: Assets/New_Graph_basecolor.png
  artifactKey: Guid(394a5f8cc2d304d48bf1274193a739cc) Importer(815301076,1909f56bfc062723c751e8b465ee728b)
Start importing Assets/New_Graph_basecolor.png using Guid(394a5f8cc2d304d48bf1274193a739cc) Importer(815301076,1909f56bfc062723c751e8b465ee728b)  -> (artifact id: 'a30609fa53e2c8805d6614b2f5a4d6e5') in 0.076035 seconds 
========================================================================
Received Import Request.
  Time since last request: 85.902432 seconds.
  path: Assets/New_Graph_basecolor.png
  artifactKey: Guid(394a5f8cc2d304d48bf1274193a739cc) Importer(815301076,1909f56bfc062723c751e8b465ee728b)
Start importing Assets/New_Graph_basecolor.png using Guid(394a5f8cc2d304d48bf1274193a739cc) Importer(815301076,1909f56bfc062723c751e8b465ee728b)  -> (artifact id: '09e92faaba72e24399dc11f156477db2') in 0.046978 seconds 
========================================================================
Received Import Request.
  Time since last request: 19264.171712 seconds.
  path: Assets/New_Graph_basecolor.png
  artifactKey: Guid(394a5f8cc2d304d48bf1274193a739cc) Importer(815301076,1909f56bfc062723c751e8b465ee728b)
Start importing Assets/New_Graph_basecolor.png using Guid(394a5f8cc2d304d48bf1274193a739cc) Importer(815301076,1909f56bfc062723c751e8b465ee728b)  -> (artifact id: '1175dc4826a05c18a25f47cb6d34e7a1') in 0.393981 seconds 
========================================================================
Received Import Request.
  Time since last request: 86.258963 seconds.
  path: Assets/Block.mat
  artifactKey: Guid(71000c371074c6149bb814deff4a8f3e) Importer(815301076,1909f56bfc062723c751e8b465ee728b)
Start importing Assets/Block.mat using Guid(71000c371074c6149bb814deff4a8f3e) Importer(815301076,1909f56bfc062723c751e8b465ee728b)  -> (artifact id: '0002a87a5b7f737ed2bb27ff1ad54f2c') in 6.492814 seconds 
========================================================================
Received Import Request.
  Time since last request: 2.025794 seconds.
  path: Assets/Block.mat
  artifactKey: Guid(71000c371074c6149bb814deff4a8f3e) Importer(815301076,1909f56bfc062723c751e8b465ee728b)
Start importing Assets/Block.mat using Guid(71000c371074c6149bb814deff4a8f3e) Importer(815301076,1909f56bfc062723c751e8b465ee728b)  -> (artifact id: 'bb0ad76eca06a87d2afc6d48edc0a649') in 3.271523 seconds 
========================================================================
Received Import Request.
  Time since last request: 68.016971 seconds.
  path: Assets/Block.mat
  artifactKey: Guid(71000c371074c6149bb814deff4a8f3e) Importer(815301076,1909f56bfc062723c751e8b465ee728b)
Start importing Assets/Block.mat using Guid(71000c371074c6149bb814deff4a8f3e) Importer(815301076,1909f56bfc062723c751e8b465ee728b)  -> (artifact id: '5f45adc775a044b7b623da17edebddf7') in 4.780870 seconds 
========================================================================
Received Import Request.
  Time since last request: 44.872456 seconds.
  path: Assets/Block.mat
  artifactKey: Guid(71000c371074c6149bb814deff4a8f3e) Importer(815301076,1909f56bfc062723c751e8b465ee728b)
Start importing Assets/Block.mat using Guid(71000c371074c6149bb814deff4a8f3e) Importer(815301076,1909f56bfc062723c751e8b465ee728b)  -> (artifact id: 'dfd958e6722758ca7948b9d137df095a') in 3.276312 seconds 
========================================================================
Received Import Request.
  Time since last request: 148.584171 seconds.
  path: Assets/Block.mat
  artifactKey: Guid(71000c371074c6149bb814deff4a8f3e) Importer(815301076,1909f56bfc062723c751e8b465ee728b)
Start importing Assets/Block.mat using Guid(71000c371074c6149bb814deff4a8f3e) Importer(815301076,1909f56bfc062723c751e8b465ee728b)  -> (artifact id: 'd43eb23f68cf5d6f3516981c1b532749') in 4.716245 seconds 
========================================================================
Received Import Request.
  Time since last request: 28.387358 seconds.
  path: Assets/Block.mat
  artifactKey: Guid(71000c371074c6149bb814deff4a8f3e) Importer(815301076,1909f56bfc062723c751e8b465ee728b)
Start importing Assets/Block.mat using Guid(71000c371074c6149bb814deff4a8f3e) Importer(815301076,1909f56bfc062723c751e8b465ee728b)  -> (artifact id: '5e92f6d8e27b9c02838b3a7e10715290') in 3.594497 seconds 
========================================================================
Received Import Request.
  Time since last request: 48.202276 seconds.
  path: Assets/Block.mat
  artifactKey: Guid(71000c371074c6149bb814deff4a8f3e) Importer(815301076,1909f56bfc062723c751e8b465ee728b)
Start importing Assets/Block.mat using Guid(71000c371074c6149bb814deff4a8f3e) Importer(815301076,1909f56bfc062723c751e8b465ee728b)  -> (artifact id: '626ee866e04e6ec64e31fabbd17f1cd3') in 4.831236 seconds 
========================================================================
Received Import Request.
  Time since last request: 118.444736 seconds.
  path: Packages/com.unity.searcher/Editor/Resources/FlatSkin/Font/Roboto-Thin.ttf
  artifactKey: Guid(19a9abb883540be48b75b951a927ae03) Importer(815301076,1909f56bfc062723c751e8b465ee728b)
Start importing Packages/com.unity.searcher/Editor/Resources/FlatSkin/Font/Roboto-Thin.ttf using Guid(19a9abb883540be48b75b951a927ae03) Importer(815301076,1909f56bfc062723c751e8b465ee728b)  -> (artifact id: 'f6b0bdf2908157a41c1388087d4ed284') in 2.001045 seconds 
========================================================================
Received Import Request.
  Time since last request: 0.000046 seconds.
  path: Packages/com.unity.searcher/Editor/Resources/FlatSkin/Font/Roboto-BoldItalic.ttf
  artifactKey: Guid(dfb97a9307a577a41bcacba34b9a7e32) Importer(815301076,1909f56bfc062723c751e8b465ee728b)
Start importing Packages/com.unity.searcher/Editor/Resources/FlatSkin/Font/Roboto-BoldItalic.ttf using Guid(dfb97a9307a577a41bcacba34b9a7e32) Importer(815301076,1909f56bfc062723c751e8b465ee728b)  -> (artifact id: '461df751ac21ba1307cf8062ba835063') in 0.202616 seconds 
========================================================================
Received Import Request.
  Time since last request: 0.000034 seconds.
  path: Assets/Haruka_AnimeStyleGirl/Materials/M_Underwear_A.mat
  artifactKey: Guid(5366df1b07d12cd4896bccfff3ba0fd2) Importer(815301076,1909f56bfc062723c751e8b465ee728b)
Start importing Assets/Haruka_AnimeStyleGirl/Materials/M_Underwear_A.mat using Guid(5366df1b07d12cd4896bccfff3ba0fd2) Importer(815301076,1909f56bfc062723c751e8b465ee728b)  -> (artifact id: 'f1999ae0ae12a6f09bebaaa31e11f191') in 4.740180 seconds 
========================================================================
Received Import Request.
  Time since last request: 0.000049 seconds.
  path: Packages/com.unity.render-pipelines.universal/Runtime/Materials/SpatialMappingOcclusion.mat
  artifactKey: Guid(b51db210fe78df745a372851b3db949e) Importer(815301076,1909f56bfc062723c751e8b465ee728b)
Start importing Packages/com.unity.render-pipelines.universal/Runtime/Materials/SpatialMappingOcclusion.mat using Guid(b51db210fe78df745a372851b3db949e) Importer(815301076,1909f56bfc062723c751e8b465ee728b)  -> (artifact id: 'd8cfc6fd65107b71a07b7d880ee9a3d8') in 0.160080 seconds 
========================================================================
Received Import Request.
  Time since last request: 0.000029 seconds.
  path: Packages/com.unity.searcher/Editor/Resources/FlatSkin/Font/Roboto-BlackItalic.ttf
  artifactKey: Guid(f95147a9bab9fe649b8070170fa7ebd2) Importer(815301076,1909f56bfc062723c751e8b465ee728b)
Start importing Packages/com.unity.searcher/Editor/Resources/FlatSkin/Font/Roboto-BlackItalic.ttf using Guid(f95147a9bab9fe649b8070170fa7ebd2) Importer(815301076,1909f56bfc062723c751e8b465ee728b)  -> (artifact id: '6833f04adcef39edc46ea27edd787ebe') in 0.149130 seconds 
========================================================================
Received Import Request.
  Time since last request: 0.000046 seconds.
  path: Assets/gril/New Material 1.mat
  artifactKey: Guid(6e3ec24c63c80f64dbc209c1d9c1ddf7) Importer(815301076,1909f56bfc062723c751e8b465ee728b)
Start importing Assets/gril/New Material 1.mat using Guid(6e3ec24c63c80f64dbc209c1d9c1ddf7) Importer(815301076,1909f56bfc062723c751e8b465ee728b)  -> (artifact id: '011e604402c2e49aaedae4b7f509885e') in 0.205968 seconds 
========================================================================
Received Import Request.
  Time since last request: 0.000031 seconds.
  path: Packages/com.unity.render-pipelines.universal/Runtime/Materials/ParticlesUnlit.mat
  artifactKey: Guid(e823cd5b5d27c0f4b8256e7c12ee3e6d) Importer(815301076,1909f56bfc062723c751e8b465ee728b)
Start importing Packages/com.unity.render-pipelines.universal/Runtime/Materials/ParticlesUnlit.mat using Guid(e823cd5b5d27c0f4b8256e7c12ee3e6d) Importer(815301076,1909f56bfc062723c751e8b465ee728b)  -> (artifact id: 'a30f9117e8be704d45126c14da43d195') in 0.788885 seconds 
========================================================================
Received Import Request.
  Time since last request: 0.000170 seconds.
  path: Assets/Haruka_AnimeStyleGirl/Materials/M_Eye.mat
  artifactKey: Guid(c4b39c6084124ac4b8ccc15beff3b9a4) Importer(815301076,1909f56bfc062723c751e8b465ee728b)
Start importing Assets/Haruka_AnimeStyleGirl/Materials/M_Eye.mat using Guid(c4b39c6084124ac4b8ccc15beff3b9a4) Importer(815301076,1909f56bfc062723c751e8b465ee728b)  -> (artifact id: '972e1e18034828503f794b03d6157a80') in 5.302807 seconds 
========================================================================
Received Import Request.
  Time since last request: 0.000030 seconds.
  path: Packages/com.unity.searcher/Editor/Resources/FlatSkin/Font/Roboto-MediumItalic.ttf
  artifactKey: Guid(d93c1bc57fdf1ac4dad1bf04fac05464) Importer(815301076,1909f56bfc062723c751e8b465ee728b)
Start importing Packages/com.unity.searcher/Editor/Resources/FlatSkin/Font/Roboto-MediumItalic.ttf using Guid(d93c1bc57fdf1ac4dad1bf04fac05464) Importer(815301076,1909f56bfc062723c751e8b465ee728b)  -> (artifact id: '0e641eb6efcaf5c0d60e467892593e8a') in 0.375702 seconds 
========================================================================
Received Import Request.
  Time since last request: 0.000043 seconds.
  path: Assets/Haruka_AnimeStyleGirl/Materials/M_Skin.mat
  artifactKey: Guid(417c6c53540fffb4cb940b21c9abb70e) Importer(815301076,1909f56bfc062723c751e8b465ee728b)
Start importing Assets/Haruka_AnimeStyleGirl/Materials/M_Skin.mat using Guid(417c6c53540fffb4cb940b21c9abb70e) Importer(815301076,1909f56bfc062723c751e8b465ee728b)  -> (artifact id: '1b77f03cce360430152165022102a90f') in 0.260494 seconds 
========================================================================
Received Import Request.
  Time since last request: 0.000042 seconds.
  path: Assets/Haruka_AnimeStyleGirl/Materials/M_Face.mat
  artifactKey: Guid(83af8f2ca8da7cc429697b943aa46845) Importer(815301076,1909f56bfc062723c751e8b465ee728b)
Start importing Assets/Haruka_AnimeStyleGirl/Materials/M_Face.mat using Guid(83af8f2ca8da7cc429697b943aa46845) Importer(815301076,1909f56bfc062723c751e8b465ee728b)  -> (artifact id: 'f044f428a10a730920057b8185a85d49') in 0.066175 seconds 
========================================================================
Received Import Request.
  Time since last request: 0.000034 seconds.
  path: Packages/com.unity.render-pipelines.universal/Runtime/Materials/TerrainLit.mat
  artifactKey: Guid(594ea882c5a793440b60ff72d896021e) Importer(815301076,1909f56bfc062723c751e8b465ee728b)
Start importing Packages/com.unity.render-pipelines.universal/Runtime/Materials/TerrainLit.mat using Guid(594ea882c5a793440b60ff72d896021e) Importer(815301076,1909f56bfc062723c751e8b465ee728b)  -> (artifact id: 'ad6dc3a6d71eff41f9de2e572437383d') in 4.633285 seconds 
========================================================================
Received Import Request.
  Time since last request: 0.000042 seconds.
  path: Assets/Haruka_AnimeStyleGirl/Materials/M_Shoes_F_3_A.mat
  artifactKey: Guid(c429b843013d0ca4199c2cccfe7ef1eb) Importer(815301076,1909f56bfc062723c751e8b465ee728b)
Start importing Assets/Haruka_AnimeStyleGirl/Materials/M_Shoes_F_3_A.mat using Guid(c429b843013d0ca4199c2cccfe7ef1eb) Importer(815301076,1909f56bfc062723c751e8b465ee728b)  -> (artifact id: '9367d070854e5a4eb823d689c45ed0d1') in 0.354204 seconds 
========================================================================
Received Import Request.
  Time since last request: 0.000114 seconds.
  path: Packages/com.unity.searcher/Editor/Resources/FlatSkin/Font/Roboto-Bold.ttf
  artifactKey: Guid(3750c318f40cab44a97d3a81beaefeb3) Importer(815301076,1909f56bfc062723c751e8b465ee728b)
Start importing Packages/com.unity.searcher/Editor/Resources/FlatSkin/Font/Roboto-Bold.ttf using Guid(3750c318f40cab44a97d3a81beaefeb3) Importer(815301076,1909f56bfc062723c751e8b465ee728b)  -> (artifact id: '0b3245a0687397fed0ac1f11d365f52c') in 0.188024 seconds 
========================================================================
Received Import Request.
  Time since last request: 0.000059 seconds.
  path: Assets/Haruka_AnimeStyleGirl/Materials/M_HairBack.mat
  artifactKey: Guid(c896b2ae3b489ad47b94a22fc209477b) Importer(815301076,1909f56bfc062723c751e8b465ee728b)
Start importing Assets/Haruka_AnimeStyleGirl/Materials/M_HairBack.mat using Guid(c896b2ae3b489ad47b94a22fc209477b) Importer(815301076,1909f56bfc062723c751e8b465ee728b)  -> (artifact id: '3c46876fe64e2df3aba5c5cd7f7a4d47') in 0.177501 seconds 
========================================================================
Received Import Request.
  Time since last request: 0.000076 seconds.
  path: Packages/com.unity.render-pipelines.universal/Runtime/Materials/Sprite-Unlit-Default.mat
  artifactKey: Guid(9dfc825aed78fcd4ba02077103263b40) Importer(815301076,1909f56bfc062723c751e8b465ee728b)
Start importing Packages/com.unity.render-pipelines.universal/Runtime/Materials/Sprite-Unlit-Default.mat using Guid(9dfc825aed78fcd4ba02077103263b40) Importer(815301076,1909f56bfc062723c751e8b465ee728b)  -> (artifact id: '979adb329d165a6aaa5527956003c28a') in 0.159547 seconds 
========================================================================
Received Import Request.
  Time since last request: 0.000029 seconds.
  path: Assets/Haruka_AnimeStyleGirl/Materials/M_Hair.mat
  artifactKey: Guid(44c7f70b2a3be174cad2704dd8722227) Importer(815301076,1909f56bfc062723c751e8b465ee728b)
Start importing Assets/Haruka_AnimeStyleGirl/Materials/M_Hair.mat using Guid(44c7f70b2a3be174cad2704dd8722227) Importer(815301076,1909f56bfc062723c751e8b465ee728b)  -> (artifact id: '6b4b311160752471ed64bcc4f8556b5a') in 0.231086 seconds 
========================================================================
Received Import Request.
  Time since last request: 0.000026 seconds.
  path: Assets/Haruka_AnimeStyleGirl/Materials/M_HairBind_A.mat
  artifactKey: Guid(f4c5d3f1e1960b045bbeed8cfe09c2ee) Importer(815301076,1909f56bfc062723c751e8b465ee728b)
Start importing Assets/Haruka_AnimeStyleGirl/Materials/M_HairBind_A.mat using Guid(f4c5d3f1e1960b045bbeed8cfe09c2ee) Importer(815301076,1909f56bfc062723c751e8b465ee728b)  -> (artifact id: '6ceb537feff663d0a6602ed2e107bbbf') in 0.148902 seconds 
========================================================================
Received Import Request.
  Time since last request: 0.000064 seconds.
  path: Assets/Haruka_AnimeStyleGirl/Materials/M_Mouth.mat
  artifactKey: Guid(b5ea10b3333382545a19db5faa3c9175) Importer(815301076,1909f56bfc062723c751e8b465ee728b)
Start importing Assets/Haruka_AnimeStyleGirl/Materials/M_Mouth.mat using Guid(b5ea10b3333382545a19db5faa3c9175) Importer(815301076,1909f56bfc062723c751e8b465ee728b)  -> (artifact id: '75d6f6fdb293a4c299167fd86acde328') in 0.123431 seconds 
========================================================================
Received Import Request.
  Time since last request: 0.000038 seconds.
  path: Packages/com.unity.searcher/Editor/Resources/FlatSkin/Font/Roboto-Italic.ttf
  artifactKey: Guid(c839255fc8f6b4b4d90bf8c1af9f9bd1) Importer(815301076,1909f56bfc062723c751e8b465ee728b)
Start importing Packages/com.unity.searcher/Editor/Resources/FlatSkin/Font/Roboto-Italic.ttf using Guid(c839255fc8f6b4b4d90bf8c1af9f9bd1) Importer(815301076,1909f56bfc062723c751e8b465ee728b)  -> (artifact id: '0c6d86ef40214791a69b3566572333e5') in 0.113460 seconds 
========================================================================
Received Import Request.
  Time since last request: 0.000379 seconds.
  path: Packages/com.unity.render-pipelines.universal/Runtime/Materials/SimpleLit.mat
  artifactKey: Guid(6a1143ee683302f4aa628c052723efc1) Importer(815301076,1909f56bfc062723c751e8b465ee728b)
Start importing Packages/com.unity.render-pipelines.universal/Runtime/Materials/SimpleLit.mat using Guid(6a1143ee683302f4aa628c052723efc1) Importer(815301076,1909f56bfc062723c751e8b465ee728b)  -> (artifact id: 'dbed10ea974bf410857ceed0f9dc03a8') in 4.368868 seconds 
========================================================================
Received Import Request.
  Time since last request: 0.000042 seconds.
  path: Assets/Haruka_AnimeStyleGirl/Materials/M_Eye_L_1.mat
  artifactKey: Guid(3f7591d31d74deb488607180fa74c3d7) Importer(815301076,1909f56bfc062723c751e8b465ee728b)
Start importing Assets/Haruka_AnimeStyleGirl/Materials/M_Eye_L_1.mat using Guid(3f7591d31d74deb488607180fa74c3d7) Importer(815301076,1909f56bfc062723c751e8b465ee728b)  -> (artifact id: '266109712e3e4f31a00f662c7cd64a1c') in 0.162222 seconds 
========================================================================
Received Import Request.
  Time since last request: 0.000027 seconds.
  path: Assets/Haruka_AnimeStyleGirl/Materials/M_Dress_B.mat
  artifactKey: Guid(6002d51a9cc548248952b0bb6b325ce6) Importer(815301076,1909f56bfc062723c751e8b465ee728b)
Start importing Assets/Haruka_AnimeStyleGirl/Materials/M_Dress_B.mat using Guid(6002d51a9cc548248952b0bb6b325ce6) Importer(815301076,1909f56bfc062723c751e8b465ee728b)  -> (artifact id: 'f86e6d38d28810bae5c3ebfc98156d11') in 2.003139 seconds 
========================================================================
Received Import Request.
  Time since last request: 0.000033 seconds.
  path: Assets/Haruka_AnimeStyleGirl/Materials/M_Uniform_A.mat
  artifactKey: Guid(18b6b838798f2ff4181c429e791d3f41) Importer(815301076,1909f56bfc062723c751e8b465ee728b)
Start importing Assets/Haruka_AnimeStyleGirl/Materials/M_Uniform_A.mat using Guid(18b6b838798f2ff4181c429e791d3f41) Importer(815301076,1909f56bfc062723c751e8b465ee728b)  -> (artifact id: 'cacb927bdada6e57b9dc6406ade0daf0') in 0.209547 seconds 
========================================================================
Received Import Request.
  Time since last request: 0.000028 seconds.
  path: Packages/com.unity.searcher/Editor/Resources/FlatSkin/Font/Roboto-Black.ttf
  artifactKey: Guid(1062c701058745940ae5dca6219c64c8) Importer(815301076,1909f56bfc062723c751e8b465ee728b)
Start importing Packages/com.unity.searcher/Editor/Resources/FlatSkin/Font/Roboto-Black.ttf using Guid(1062c701058745940ae5dca6219c64c8) Importer(815301076,1909f56bfc062723c751e8b465ee728b)  -> (artifact id: '06c374dfa9ca60a3af3cbc114d00c538') in 0.130135 seconds 
========================================================================
Received Import Request.
  Time since last request: 0.000048 seconds.
  path: Packages/com.unity.render-pipelines.universal/Runtime/Materials/SpriteMask-Default.mat
  artifactKey: Guid(15d0c3709176029428a0da2f8cecf0b5) Importer(815301076,1909f56bfc062723c751e8b465ee728b)
Start importing Packages/com.unity.render-pipelines.universal/Runtime/Materials/SpriteMask-Default.mat using Guid(15d0c3709176029428a0da2f8cecf0b5) Importer(815301076,1909f56bfc062723c751e8b465ee728b)  -> (artifact id: 'e301199d0e3868481bea3d9b2a32e444') in 0.209788 seconds 
========================================================================
Received Import Request.
  Time since last request: 0.000035 seconds.
  path: Assets/Haruka_AnimeStyleGirl/Materials/M_Eye_HL.mat
  artifactKey: Guid(1915e8b0de4e8654b8666bed8e3c2e1b) Importer(815301076,1909f56bfc062723c751e8b465ee728b)
Start importing Assets/Haruka_AnimeStyleGirl/Materials/M_Eye_HL.mat using Guid(1915e8b0de4e8654b8666bed8e3c2e1b) Importer(815301076,1909f56bfc062723c751e8b465ee728b)  -> (artifact id: 'bf8c87fe4095ee69da8080641a406a3b') in 0.110286 seconds 
========================================================================
Received Import Request.
  Time since last request: 0.000052 seconds.
  path: Packages/com.unity.render-pipelines.universal/Runtime/Materials/SpatialMappingWireframe.mat
  artifactKey: Guid(9875a245ac49007498213638a307faa1) Importer(815301076,1909f56bfc062723c751e8b465ee728b)
Start importing Packages/com.unity.render-pipelines.universal/Runtime/Materials/SpatialMappingWireframe.mat using Guid(9875a245ac49007498213638a307faa1) Importer(815301076,1909f56bfc062723c751e8b465ee728b)  -> (artifact id: '4c1c9f94f999584efa308e20266025a4') in 0.149121 seconds 
========================================================================
Received Import Request.
  Time since last request: 0.000059 seconds.
  path: Assets/Haruka_AnimeStyleGirl/Materials/M_Shoes.mat
  artifactKey: Guid(7359d267e5fe3304f8389ae5ed53a38b) Importer(815301076,1909f56bfc062723c751e8b465ee728b)
Start importing Assets/Haruka_AnimeStyleGirl/Materials/M_Shoes.mat using Guid(7359d267e5fe3304f8389ae5ed53a38b) Importer(815301076,1909f56bfc062723c751e8b465ee728b)  -> (artifact id: 'ae140db04e717ac18c1d03926eeecd81') in 0.056393 seconds 
========================================================================
Received Import Request.
  Time since last request: 0.000024 seconds.
  path: Packages/com.unity.searcher/Editor/Resources/FlatSkin/Font/Roboto-Regular.ttf
  artifactKey: Guid(30dc370b164eefc43b95744fc796dad0) Importer(815301076,1909f56bfc062723c751e8b465ee728b)
Start importing Packages/com.unity.searcher/Editor/Resources/FlatSkin/Font/Roboto-Regular.ttf using Guid(30dc370b164eefc43b95744fc796dad0) Importer(815301076,1909f56bfc062723c751e8b465ee728b)  -> (artifact id: 'fc73d2e59d3d0b513c33d79cbfff5173') in 0.089027 seconds 
========================================================================
Received Import Request.
  Time since last request: 0.000039 seconds.
  path: Assets/Haruka_AnimeStyleGirl/Materials/M_Eye_L_2.mat
  artifactKey: Guid(da7f8d82b7d8c484a9f40ec3a924cc75) Importer(815301076,1909f56bfc062723c751e8b465ee728b)
Start importing Assets/Haruka_AnimeStyleGirl/Materials/M_Eye_L_2.mat using Guid(da7f8d82b7d8c484a9f40ec3a924cc75) Importer(815301076,1909f56bfc062723c751e8b465ee728b)  -> (artifact id: '716337f3fd21ace4268c5e444511cfad') in 0.093962 seconds 
========================================================================
Received Import Request.
  Time since last request: 0.000022 seconds.
  path: Assets/gril/New Material.mat
  artifactKey: Guid(a807dd84ae2839a478788a06e5429409) Importer(815301076,1909f56bfc062723c751e8b465ee728b)
Start importing Assets/gril/New Material.mat using Guid(a807dd84ae2839a478788a06e5429409) Importer(815301076,1909f56bfc062723c751e8b465ee728b)  -> (artifact id: '2cbbfec1c5ea404b58081889b446618f') in 0.168159 seconds 
========================================================================
Received Import Request.
  Time since last request: 0.000090 seconds.
  path: Assets/Haruka_AnimeStyleGirl/Materials/M_Eye_L_3.mat
  artifactKey: Guid(73a89161ced23ec429c0a38f4227da4c) Importer(815301076,1909f56bfc062723c751e8b465ee728b)
Start importing Assets/Haruka_AnimeStyleGirl/Materials/M_Eye_L_3.mat using Guid(73a89161ced23ec429c0a38f4227da4c) Importer(815301076,1909f56bfc062723c751e8b465ee728b)  -> (artifact id: '6ef46c6b94fa8da514658aef6c7360d5') in 0.096582 seconds 
========================================================================
Received Import Request.
  Time since last request: 0.000030 seconds.
  path: Packages/com.unity.render-pipelines.universal/Runtime/Materials/Sprite-Lit-Default.mat
  artifactKey: Guid(a97c105638bdf8b4a8650670310a4cd3) Importer(815301076,1909f56bfc062723c751e8b465ee728b)
Start importing Packages/com.unity.render-pipelines.universal/Runtime/Materials/Sprite-Lit-Default.mat using Guid(a97c105638bdf8b4a8650670310a4cd3) Importer(815301076,1909f56bfc062723c751e8b465ee728b)  -> (artifact id: '00e52f65e6946ffbe53aa13147d49cac') in 0.069814 seconds 
========================================================================
Received Import Request.
  Time since last request: 0.000033 seconds.
  path: Packages/com.unity.render-pipelines.universal/Runtime/Materials/Lit.mat
  artifactKey: Guid(31321ba15b8f8eb4c954353edc038b1d) Importer(815301076,1909f56bfc062723c751e8b465ee728b)
Start importing Packages/com.unity.render-pipelines.universal/Runtime/Materials/Lit.mat using Guid(31321ba15b8f8eb4c954353edc038b1d) Importer(815301076,1909f56bfc062723c751e8b465ee728b)  -> (artifact id: 'b1a60ed671ca52d6400b477d9e8b5886') in 0.122067 seconds 
========================================================================
Received Import Request.
  Time since last request: 0.000045 seconds.
  path: Assets/Haruka_AnimeStyleGirl/Materials/M_Sock_A.mat
  artifactKey: Guid(611186de813d70546add9dce95b304de) Importer(815301076,1909f56bfc062723c751e8b465ee728b)
Start importing Assets/Haruka_AnimeStyleGirl/Materials/M_Sock_A.mat using Guid(611186de813d70546add9dce95b304de) Importer(815301076,1909f56bfc062723c751e8b465ee728b)  -> (artifact id: '3344685e81a82455f7d9baba6714d34a') in 0.087290 seconds 
========================================================================
Received Import Request.
  Time since last request: 0.000078 seconds.
  path: Assets/Haruka_AnimeStyleGirl/Materials/M_Dress_A.mat
  artifactKey: Guid(bcd59412d06c5b04ba3ee38b7c8eebdc) Importer(815301076,1909f56bfc062723c751e8b465ee728b)
Start importing Assets/Haruka_AnimeStyleGirl/Materials/M_Dress_A.mat using Guid(bcd59412d06c5b04ba3ee38b7c8eebdc) Importer(815301076,1909f56bfc062723c751e8b465ee728b)  -> (artifact id: '684d52c3cc5fbc1152cf25c90146d539') in 0.153259 seconds 
========================================================================
Received Import Request.
  Time since last request: 0.000026 seconds.
  path: Packages/com.unity.searcher/Editor/Resources/FlatSkin/Font/Roboto-Medium.ttf
  artifactKey: Guid(a51a3aebb43ac044989270407476b208) Importer(815301076,1909f56bfc062723c751e8b465ee728b)
Start importing Packages/com.unity.searcher/Editor/Resources/FlatSkin/Font/Roboto-Medium.ttf using Guid(a51a3aebb43ac044989270407476b208) Importer(815301076,1909f56bfc062723c751e8b465ee728b)  -> (artifact id: '929aac0c96c072262a004645a4124e50') in 0.196364 seconds 
========================================================================
Received Import Request.
  Time since last request: 0.000034 seconds.
  path: Assets/Haruka_AnimeStyleGirl/Materials/M_Eye_white.mat
  artifactKey: Guid(09cfc66f0c2b3a542bca4f32144a340d) Importer(815301076,1909f56bfc062723c751e8b465ee728b)
Start importing Assets/Haruka_AnimeStyleGirl/Materials/M_Eye_white.mat using Guid(09cfc66f0c2b3a542bca4f32144a340d) Importer(815301076,1909f56bfc062723c751e8b465ee728b)  -> (artifact id: 'b6172f26983efbca531d1a14eb6eeb43') in 0.126021 seconds 
========================================================================
Received Import Request.
  Time since last request: 0.000038 seconds.
  path: Packages/com.unity.searcher/Editor/Resources/FlatSkin/Font/Roboto-Light.ttf
  artifactKey: Guid(2a29e27936eb547458f646f71125b264) Importer(815301076,1909f56bfc062723c751e8b465ee728b)
Start importing Packages/com.unity.searcher/Editor/Resources/FlatSkin/Font/Roboto-Light.ttf using Guid(2a29e27936eb547458f646f71125b264) Importer(815301076,1909f56bfc062723c751e8b465ee728b)  -> (artifact id: '65367c663f26cf7c8114b55e61bccd32') in 0.239707 seconds 
========================================================================
Received Import Request.
  Time since last request: 0.000045 seconds.
  path: Packages/com.unity.searcher/Editor/Resources/FlatSkin/Font/Roboto-LightItalic.ttf
  artifactKey: Guid(5e63515167650a541b309ba3bfd4db3d) Importer(815301076,1909f56bfc062723c751e8b465ee728b)
Start importing Packages/com.unity.searcher/Editor/Resources/FlatSkin/Font/Roboto-LightItalic.ttf using Guid(5e63515167650a541b309ba3bfd4db3d) Importer(815301076,1909f56bfc062723c751e8b465ee728b)  -> (artifact id: '20a651eb9a28893c2c4f484e437c3e20') in 0.152186 seconds 
========================================================================
Received Import Request.
  Time since last request: 35.697345 seconds.
  path: Assets/Block.mat
  artifactKey: Guid(71000c371074c6149bb814deff4a8f3e) Importer(815301076,1909f56bfc062723c751e8b465ee728b)
Start importing Assets/Block.mat using Guid(71000c371074c6149bb814deff4a8f3e) Importer(815301076,1909f56bfc062723c751e8b465ee728b)  -> (artifact id: '4625df6ea73c54fedfc66b6cc6654480') in 3.454660 seconds 
========================================================================
Received Import Request.
  Time since last request: 119.228739 seconds.
  path: Assets/Block.mat
  artifactKey: Guid(71000c371074c6149bb814deff4a8f3e) Importer(815301076,1909f56bfc062723c751e8b465ee728b)
Start importing Assets/Block.mat using Guid(71000c371074c6149bb814deff4a8f3e) Importer(815301076,1909f56bfc062723c751e8b465ee728b)  -> (artifact id: 'ee6b1f22afe740a57e9684b4d803ced4') in 3.129405 seconds 
========================================================================
Received Import Request.
  Time since last request: 179.438689 seconds.
  path: Assets/Block.mat
  artifactKey: Guid(71000c371074c6149bb814deff4a8f3e) Importer(815301076,1909f56bfc062723c751e8b465ee728b)
Start importing Assets/Block.mat using Guid(71000c371074c6149bb814deff4a8f3e) Importer(815301076,1909f56bfc062723c751e8b465ee728b)  -> (artifact id: '266c00c7e23c669178daf473d4c77ae1') in 6.058353 seconds 
========================================================================
Received Import Request.
  Time since last request: 8.971115 seconds.
  path: Assets/Block.mat
  artifactKey: Guid(71000c371074c6149bb814deff4a8f3e) Importer(815301076,1909f56bfc062723c751e8b465ee728b)
Start importing Assets/Block.mat using Guid(71000c371074c6149bb814deff4a8f3e) Importer(815301076,1909f56bfc062723c751e8b465ee728b)  -> (artifact id: 'bd8defbe9b6a8b085ed9c8f47234b6bc') in 6.477849 seconds 
========================================================================
Received Import Request.
  Time since last request: 18.558011 seconds.
  path: Assets/Block.mat
  artifactKey: Guid(71000c371074c6149bb814deff4a8f3e) Importer(815301076,1909f56bfc062723c751e8b465ee728b)
Start importing Assets/Block.mat using Guid(71000c371074c6149bb814deff4a8f3e) Importer(815301076,1909f56bfc062723c751e8b465ee728b)  -> (artifact id: 'b58f73c1a499059ba8940375b81e1919') in 5.898670 seconds 
========================================================================
Received Import Request.
  Time since last request: 77.729257 seconds.
  path: Assets/Block.mat
  artifactKey: Guid(71000c371074c6149bb814deff4a8f3e) Importer(815301076,1909f56bfc062723c751e8b465ee728b)
Start importing Assets/Block.mat using Guid(71000c371074c6149bb814deff4a8f3e) Importer(815301076,1909f56bfc062723c751e8b465ee728b)  -> (artifact id: '7ce76c2abea8ed10cee17467a3348069') in 7.182077 seconds 
========================================================================
Received Import Request.
  Time since last request: 105.181699 seconds.
  path: Assets/Block.mat
  artifactKey: Guid(71000c371074c6149bb814deff4a8f3e) Importer(815301076,1909f56bfc062723c751e8b465ee728b)
Start importing Assets/Block.mat using Guid(71000c371074c6149bb814deff4a8f3e) Importer(815301076,1909f56bfc062723c751e8b465ee728b)  -> (artifact id: '283d3a431fa0d8bbe3beab45d98f93f7') in 3.177608 seconds 
========================================================================
Received Import Request.
  Time since last request: 68.496728 seconds.
  path: Assets/Block.mat
  artifactKey: Guid(71000c371074c6149bb814deff4a8f3e) Importer(815301076,1909f56bfc062723c751e8b465ee728b)
Start importing Assets/Block.mat using Guid(71000c371074c6149bb814deff4a8f3e) Importer(815301076,1909f56bfc062723c751e8b465ee728b)  -> (artifact id: 'a933472692262dcfc41758302cc646c8') in 3.426455 seconds 
========================================================================
Received Import Request.
  Time since last request: 78.426680 seconds.
  path: Assets/Block.mat
  artifactKey: Guid(71000c371074c6149bb814deff4a8f3e) Importer(815301076,1909f56bfc062723c751e8b465ee728b)
Start importing Assets/Block.mat using Guid(71000c371074c6149bb814deff4a8f3e) Importer(815301076,1909f56bfc062723c751e8b465ee728b)  -> (artifact id: '9b93d92985355475960d8366042a613a') in 3.716643 seconds 
========================================================================
Received Import Request.
  Time since last request: 531.623852 seconds.
  path: Assets/Haruka_AnimeStyleGirl/FBX/Haruka_Dress_A.fbx
  artifactKey: Guid(20deec9bd7e5b34409b627ce3f658a07) Importer(815301076,1909f56bfc062723c751e8b465ee728b)
Start importing Assets/Haruka_AnimeStyleGirl/FBX/Haruka_Dress_A.fbx using Guid(20deec9bd7e5b34409b627ce3f658a07) Importer(815301076,1909f56bfc062723c751e8b465ee728b)  -> (artifact id: 'c3c8e95c105c3066984bde3aa5e1d407') in 1.655959 seconds 
========================================================================
Received Import Request.
  Time since last request: 0.000033 seconds.
  path: Assets/Haruka_AnimeStyleGirl/FBX/Haruka_Uniform_A.fbx
  artifactKey: Guid(d5b98685b11896d409b16674bf264cb8) Importer(815301076,1909f56bfc062723c751e8b465ee728b)
Start importing Assets/Haruka_AnimeStyleGirl/FBX/Haruka_Uniform_A.fbx using Guid(d5b98685b11896d409b16674bf264cb8) Importer(815301076,1909f56bfc062723c751e8b465ee728b)  -> (artifact id: '972f0fc4b6d51dfdca93ab72aaa235a3') in 0.390193 seconds 
========================================================================
Received Import Request.
  Time since last request: 441.000703 seconds.
  path: Assets/Haruka_AnimeStyleGirl/FBX/Haruka_Uniform_A.fbx
  artifactKey: Guid(d5b98685b11896d409b16674bf264cb8) Importer(815301076,1909f56bfc062723c751e8b465ee728b)
Start importing Assets/Haruka_AnimeStyleGirl/FBX/Haruka_Uniform_A.fbx using Guid(d5b98685b11896d409b16674bf264cb8) Importer(815301076,1909f56bfc062723c751e8b465ee728b)  -> (artifact id: '4b42fd78dc7318f3e5fdc79a8a64dc86') in 2.174098 seconds 
========================================================================
Received Import Request.
  Time since last request: 2.692854 seconds.
  path: Assets/Haruka_AnimeStyleGirl/FBX/Haruka_Uniform_A.fbx
  artifactKey: Guid(d5b98685b11896d409b16674bf264cb8) Importer(815301076,1909f56bfc062723c751e8b465ee728b)
Start importing Assets/Haruka_AnimeStyleGirl/FBX/Haruka_Uniform_A.fbx using Guid(d5b98685b11896d409b16674bf264cb8) Importer(815301076,1909f56bfc062723c751e8b465ee728b)  -> (artifact id: '747238de47528ec93f8ab7a7a24c7cb3') in 0.509836 seconds 
========================================================================
Received Import Request.
  Time since last request: 5.217359 seconds.
  path: Assets/Haruka_AnimeStyleGirl/FBX/Haruka_Uniform_A.fbx
  artifactKey: Guid(d5b98685b11896d409b16674bf264cb8) Importer(815301076,1909f56bfc062723c751e8b465ee728b)
Start importing Assets/Haruka_AnimeStyleGirl/FBX/Haruka_Uniform_A.fbx using Guid(d5b98685b11896d409b16674bf264cb8) Importer(815301076,1909f56bfc062723c751e8b465ee728b)  -> (artifact id: '844fa252ccfb74d6a8a4551d88895084') in 0.189049 seconds 
========================================================================
Received Import Request.
  Time since last request: 10.254264 seconds.
  path: Assets/Haruka_AnimeStyleGirl/FBX/Haruka_Uniform_A.fbx
  artifactKey: Guid(d5b98685b11896d409b16674bf264cb8) Importer(815301076,1909f56bfc062723c751e8b465ee728b)
Start importing Assets/Haruka_AnimeStyleGirl/FBX/Haruka_Uniform_A.fbx using Guid(d5b98685b11896d409b16674bf264cb8) Importer(815301076,1909f56bfc062723c751e8b465ee728b)  -> (artifact id: '01b13c547a2242c02a665c194c83dff3') in 0.490349 seconds 
========================================================================
Received Import Request.
  Time since last request: 1675.813126 seconds.
  path: Assets/gril/-.FBX
  artifactKey: Guid(fdf7692320920514cae4cf9779ce540d) Importer(815301076,1909f56bfc062723c751e8b465ee728b)
Start importing Assets/gril/-.FBX using Guid(fdf7692320920514cae4cf9779ce540d) Importer(815301076,1909f56bfc062723c751e8b465ee728b)  -> (artifact id: '093b5c6bdfcf5cf43a1b25179fa26ea0') in 1.207524 seconds 
========================================================================
Received Import Request.
  Time since last request: 2945.572366 seconds.
  path: Assets/Haruka_AnimeStyleGirl/Prefabs/Haruka_Dress_B.prefab
  artifactKey: Guid(b7369bcadb1192a42bd02cd96b11b804) Importer(815301076,1909f56bfc062723c751e8b465ee728b)
Start importing Assets/Haruka_AnimeStyleGirl/Prefabs/Haruka_Dress_B.prefab using Guid(b7369bcadb1192a42bd02cd96b11b804) Importer(815301076,1909f56bfc062723c751e8b465ee728b)  -> (artifact id: '26da5913c09d4279418918cfcadb7df6') in 2.335839 seconds 
========================================================================
Received Import Request.
  Time since last request: 0.000084 seconds.
  path: Assets/Haruka_AnimeStyleGirl/Textures/Mouth.png
  artifactKey: Guid(71f1274cb196f3340a4c2578cc248c5f) Importer(815301076,1909f56bfc062723c751e8b465ee728b)
Start importing Assets/Haruka_AnimeStyleGirl/Textures/Mouth.png using Guid(71f1274cb196f3340a4c2578cc248c5f) Importer(815301076,1909f56bfc062723c751e8b465ee728b)  -> (artifact id: '72db468adbc8c0925619160a70aa1a72') in 0.140278 seconds 
========================================================================
Received Import Request.
  Time since last request: 0.000033 seconds.
  path: Assets/Haruka_AnimeStyleGirl/Textures/Eye_Highlight.png
  artifactKey: Guid(0d75253042de96145a5b12bf5304e053) Importer(815301076,1909f56bfc062723c751e8b465ee728b)
Start importing Assets/Haruka_AnimeStyleGirl/Textures/Eye_Highlight.png using Guid(0d75253042de96145a5b12bf5304e053) Importer(815301076,1909f56bfc062723c751e8b465ee728b)  -> (artifact id: '73fcc38dbec9ce92a43d2d5ecb04891e') in 0.184058 seconds 
========================================================================
Received Import Request.
  Time since last request: 0.000027 seconds.
  path: Assets/Haruka_AnimeStyleGirl/Textures/F00_000_Hair_00_nml.normal.png
  artifactKey: Guid(06c64068451ad0546b54fe2f7047d5c1) Importer(815301076,1909f56bfc062723c751e8b465ee728b)
Start importing Assets/Haruka_AnimeStyleGirl/Textures/F00_000_Hair_00_nml.normal.png using Guid(06c64068451ad0546b54fe2f7047d5c1) Importer(815301076,1909f56bfc062723c751e8b465ee728b)  -> (artifact id: 'f8cc6767acfc07e02f6cbf4c37f2e089') in 0.135245 seconds 
========================================================================
Received Import Request.
  Time since last request: 0.000029 seconds.
  path: Assets/Haruka_AnimeStyleGirl/Textures/Face.png
  artifactKey: Guid(a734ab7860e283f4cb5e50372a01fa3d) Importer(815301076,1909f56bfc062723c751e8b465ee728b)
Start importing Assets/Haruka_AnimeStyleGirl/Textures/Face.png using Guid(a734ab7860e283f4cb5e50372a01fa3d) Importer(815301076,1909f56bfc062723c751e8b465ee728b)  -> (artifact id: '535dad6110780fe38bc63ea59dd199f9') in 0.055438 seconds 
========================================================================
Received Import Request.
  Time since last request: 0.000033 seconds.
  path: Assets/Haruka_AnimeStyleGirl/Textures/HeadBind_color_A.png
  artifactKey: Guid(4dab513a4d1050a48b20f7c022c7fff9) Importer(815301076,1909f56bfc062723c751e8b465ee728b)
Start importing Assets/Haruka_AnimeStyleGirl/Textures/HeadBind_color_A.png using Guid(4dab513a4d1050a48b20f7c022c7fff9) Importer(815301076,1909f56bfc062723c751e8b465ee728b)  -> (artifact id: 'f2c4165b501ede9db53001870d00f60f') in 0.107993 seconds 
========================================================================
Received Import Request.
  Time since last request: 0.000025 seconds.
  path: Assets/Haruka_AnimeStyleGirl/Textures/Eye_Brow.png
  artifactKey: Guid(2138e9ae2dcf1ff459c15e3741eb27ce) Importer(815301076,1909f56bfc062723c751e8b465ee728b)
Start importing Assets/Haruka_AnimeStyleGirl/Textures/Eye_Brow.png using Guid(2138e9ae2dcf1ff459c15e3741eb27ce) Importer(815301076,1909f56bfc062723c751e8b465ee728b)  -> (artifact id: '4315185fefd75787a67ee1571b92a01b') in 0.080828 seconds 
========================================================================
Received Import Request.
  Time since last request: 0.000029 seconds.
  path: Assets/Haruka_AnimeStyleGirl/Textures/Dress_Color_B.png
  artifactKey: Guid(c1eb8eceb61c0754c91d0f414187ba96) Importer(815301076,1909f56bfc062723c751e8b465ee728b)
Start importing Assets/Haruka_AnimeStyleGirl/Textures/Dress_Color_B.png using Guid(c1eb8eceb61c0754c91d0f414187ba96) Importer(815301076,1909f56bfc062723c751e8b465ee728b)  -> (artifact id: 'c8bc042302c54bc9e7a4a6da42d73a21') in 0.325648 seconds 
========================================================================
Received Import Request.
  Time since last request: 0.000033 seconds.
  path: Assets/Haruka_AnimeStyleGirl/Textures/F00_000_Hair_00_89.png
  artifactKey: Guid(b70d0268c02672d408c7053b1a2590e9) Importer(815301076,1909f56bfc062723c751e8b465ee728b)
Start importing Assets/Haruka_AnimeStyleGirl/Textures/F00_000_Hair_00_89.png using Guid(b70d0268c02672d408c7053b1a2590e9) Importer(815301076,1909f56bfc062723c751e8b465ee728b)  -> (artifact id: '1dcd05d4aa1959e71625250565d09d4f') in 0.217572 seconds 
========================================================================
Received Import Request.
  Time since last request: 0.000032 seconds.
  path: Assets/Haruka_AnimeStyleGirl/Textures/Shoes_A.png
  artifactKey: Guid(4e0c18d9e8c3fa34ea215654a0d95f6c) Importer(815301076,1909f56bfc062723c751e8b465ee728b)
Start importing Assets/Haruka_AnimeStyleGirl/Textures/Shoes_A.png using Guid(4e0c18d9e8c3fa34ea215654a0d95f6c) Importer(815301076,1909f56bfc062723c751e8b465ee728b)  -> (artifact id: '7be6bc46aa9aa5ac713b1f3a4d2f6dc2') in 0.373727 seconds 
========================================================================
Received Import Request.
  Time since last request: 0.000036 seconds.
  path: Assets/Haruka_AnimeStyleGirl/Textures/Eye_White.png
  artifactKey: Guid(033ec92950ac15c45954ca42a5d08aca) Importer(815301076,1909f56bfc062723c751e8b465ee728b)
Start importing Assets/Haruka_AnimeStyleGirl/Textures/Eye_White.png using Guid(033ec92950ac15c45954ca42a5d08aca) Importer(815301076,1909f56bfc062723c751e8b465ee728b)  -> (artifact id: '9bb2d938d6ca3ba72bf6589d7eef35a1') in 0.564054 seconds 
========================================================================
Received Import Request.
  Time since last request: 0.000025 seconds.
  path: Assets/Haruka_AnimeStyleGirl/Textures/Eye_Base_02.png
  artifactKey: Guid(51d28717637d9f04e8388a86b28c9935) Importer(815301076,1909f56bfc062723c751e8b465ee728b)
Start importing Assets/Haruka_AnimeStyleGirl/Textures/Eye_Base_02.png using Guid(51d28717637d9f04e8388a86b28c9935) Importer(815301076,1909f56bfc062723c751e8b465ee728b)  -> (artifact id: 'e46c6f9258772f6fd051d261dc784c05') in 0.045372 seconds 
========================================================================
Received Import Request.
  Time since last request: 0.000041 seconds.
  path: Assets/Haruka_AnimeStyleGirl/Textures/Eyelash_02.png
  artifactKey: Guid(3bd03fdf1eedd6347b83d7de86c1b157) Importer(815301076,1909f56bfc062723c751e8b465ee728b)
Start importing Assets/Haruka_AnimeStyleGirl/Textures/Eyelash_02.png using Guid(3bd03fdf1eedd6347b83d7de86c1b157) Importer(815301076,1909f56bfc062723c751e8b465ee728b)  -> (artifact id: '77ada63182093626af76ed00e9381e38') in 0.138198 seconds 
========================================================================
Received Import Request.
  Time since last request: 0.000027 seconds.
  path: Assets/Haruka_AnimeStyleGirl/Textures/HairBack_89.png
  artifactKey: Guid(bfe92f6808796f84590ec3bc439a2c19) Importer(815301076,1909f56bfc062723c751e8b465ee728b)
Start importing Assets/Haruka_AnimeStyleGirl/Textures/HairBack_89.png using Guid(bfe92f6808796f84590ec3bc439a2c19) Importer(815301076,1909f56bfc062723c751e8b465ee728b)  -> (artifact id: '3bb19a1d44dfd9d2cf36b1f1c08edf81') in 0.090422 seconds 
========================================================================
Received Import Request.
  Time since last request: 0.000037 seconds.
  path: Assets/Haruka_AnimeStyleGirl/Textures/Eyelash_01.png
  artifactKey: Guid(026ea496e02fe724e8b486aa86c27292) Importer(815301076,1909f56bfc062723c751e8b465ee728b)
Start importing Assets/Haruka_AnimeStyleGirl/Textures/Eyelash_01.png using Guid(026ea496e02fe724e8b486aa86c27292) Importer(815301076,1909f56bfc062723c751e8b465ee728b)  -> (artifact id: 'b9f5d91fa13939ffd403030a100dda40') in 0.184042 seconds 
========================================================================
Received Import Request.
  Time since last request: 0.000029 seconds.
  path: Assets/Haruka_AnimeStyleGirl/Textures/M_skin_Base_Color.png
  artifactKey: Guid(2dc363b9dacf53c4f96b600546eac872) Importer(815301076,1909f56bfc062723c751e8b465ee728b)
Start importing Assets/Haruka_AnimeStyleGirl/Textures/M_skin_Base_Color.png using Guid(2dc363b9dacf53c4f96b600546eac872) Importer(815301076,1909f56bfc062723c751e8b465ee728b)  -> (artifact id: '8e5701bfdbcc6bde2e1673574e2b0c95') in 0.134359 seconds 
========================================================================
Received Import Request.
  Time since last request: 0.000036 seconds.
  path: Assets/Haruka_AnimeStyleGirl/Textures/Base_JK_5.png
  artifactKey: Guid(022d25d97fcd4d440a3276416b23d642) Importer(815301076,1909f56bfc062723c751e8b465ee728b)
Start importing Assets/Haruka_AnimeStyleGirl/Textures/Base_JK_5.png using Guid(022d25d97fcd4d440a3276416b23d642) Importer(815301076,1909f56bfc062723c751e8b465ee728b)  -> (artifact id: 'cb467f729fb4224191d526497e210e4f') in 0.173451 seconds 
========================================================================
Received Import Request.
  Time since last request: 0.000030 seconds.
  path: Assets/Haruka_AnimeStyleGirl/Prefabs/Haruka_Uniform_A.prefab
  artifactKey: Guid(af40a3f802a305e40a572ad5530fbed5) Importer(815301076,1909f56bfc062723c751e8b465ee728b)
Start importing Assets/Haruka_AnimeStyleGirl/Prefabs/Haruka_Uniform_A.prefab using Guid(af40a3f802a305e40a572ad5530fbed5) Importer(815301076,1909f56bfc062723c751e8b465ee728b)  -> (artifact id: '20a7ce4375137bb8ac34395e1722e93b') in 0.394088 seconds 
========================================================================
Received Import Request.
  Time since last request: 0.000030 seconds.
  path: Assets/Haruka_AnimeStyleGirl/Textures/Dress_Color_A.png
  artifactKey: Guid(6e7543dc25356c546bb97c607eeee200) Importer(815301076,1909f56bfc062723c751e8b465ee728b)
Start importing Assets/Haruka_AnimeStyleGirl/Textures/Dress_Color_A.png using Guid(6e7543dc25356c546bb97c607eeee200) Importer(815301076,1909f56bfc062723c751e8b465ee728b)  -> (artifact id: 'f2ea11f89627f1d5a9228f448ad4bd84') in 0.200240 seconds 
========================================================================
Received Import Request.
  Time since last request: 166.931252 seconds.
  path: Assets/gril/Dungeon_Hestia_diff.tga
  artifactKey: Guid(a4901d0e5174b0743be53736d339dcb2) Importer(815301076,1909f56bfc062723c751e8b465ee728b)
Start importing Assets/gril/Dungeon_Hestia_diff.tga using Guid(a4901d0e5174b0743be53736d339dcb2) Importer(815301076,1909f56bfc062723c751e8b465ee728b)  -> (artifact id: '46eaf12d4f4276569e2bc83a9aad5791') in 3.847945 seconds 
========================================================================
Received Import Request.
  Time since last request: 3.894710 seconds.
  path: Assets/Haruka_AnimeStyleGirl/ToonURP/Runtime/Shaders/UniversalToonBody.hlsl
  artifactKey: Guid(168de61594a9b4f4589252bc9a195929) Importer(815301076,1909f56bfc062723c751e8b465ee728b)
Start importing Assets/Haruka_AnimeStyleGirl/ToonURP/Runtime/Shaders/UniversalToonBody.hlsl using Guid(168de61594a9b4f4589252bc9a195929) Importer(815301076,1909f56bfc062723c751e8b465ee728b)  -> (artifact id: '6bd47592bd78a8383d16d6309890c10c') in 0.192828 seconds 
========================================================================
Received Import Request.
  Time since last request: 0.000032 seconds.
  path: Assets/Haruka_AnimeStyleGirl/ToonURP/Runtime/Shaders/UniversalToonBodyDoubleShadeWithFeather.hlsl
  artifactKey: Guid(c3eceab12d80d8740b7a5db1350173d6) Importer(815301076,1909f56bfc062723c751e8b465ee728b)
Start importing Assets/Haruka_AnimeStyleGirl/ToonURP/Runtime/Shaders/UniversalToonBodyDoubleShadeWithFeather.hlsl using Guid(c3eceab12d80d8740b7a5db1350173d6) Importer(815301076,1909f56bfc062723c751e8b465ee728b)  -> (artifact id: 'aa1a44dd1d88b856d6a3406fb7c2f7bc') in 0.053984 seconds 
========================================================================
Received Import Request.
  Time since last request: 0.000039 seconds.
  path: Assets/Haruka_AnimeStyleGirl/ToonURP/Runtime/Shaders/UniversalToonInput.hlsl
  artifactKey: Guid(3a762ccb3e4d3f542974d1afa225c758) Importer(815301076,1909f56bfc062723c751e8b465ee728b)
Start importing Assets/Haruka_AnimeStyleGirl/ToonURP/Runtime/Shaders/UniversalToonInput.hlsl using Guid(3a762ccb3e4d3f542974d1afa225c758) Importer(815301076,1909f56bfc062723c751e8b465ee728b)  -> (artifact id: '4e142ef5aee97150494752b37e21bad2') in 0.046749 seconds 
========================================================================
Received Import Request.
  Time since last request: 0.000026 seconds.
  path: Assets/Haruka_AnimeStyleGirl/ToonURP/Runtime/Shaders/UniversalToonBodyShadingGradeMap.hlsl
  artifactKey: Guid(6a5b46079e49c0447bd6f1a6bc2aa319) Importer(815301076,1909f56bfc062723c751e8b465ee728b)
Start importing Assets/Haruka_AnimeStyleGirl/ToonURP/Runtime/Shaders/UniversalToonBodyShadingGradeMap.hlsl using Guid(6a5b46079e49c0447bd6f1a6bc2aa319) Importer(815301076,1909f56bfc062723c751e8b465ee728b)  -> (artifact id: '08bd5012178122f683a4139feaf64dbd') in 0.087936 seconds 
========================================================================
Received Import Request.
  Time since last request: 0.000027 seconds.
  path: Assets/Haruka_AnimeStyleGirl/ToonURP/Runtime/Shaders/UniversalToonHead.hlsl
  artifactKey: Guid(58b627c7c83e3204ebe2e71894e737e6) Importer(815301076,1909f56bfc062723c751e8b465ee728b)
Start importing Assets/Haruka_AnimeStyleGirl/ToonURP/Runtime/Shaders/UniversalToonHead.hlsl using Guid(58b627c7c83e3204ebe2e71894e737e6) Importer(815301076,1909f56bfc062723c751e8b465ee728b)  -> (artifact id: '3a37f4726b28345dab8fd002f7428ed7') in 0.130689 seconds 
========================================================================
Received Import Request.
  Time since last request: 0.000029 seconds.
  path: Assets/Haruka_AnimeStyleGirl/ToonURP/Runtime/Shaders/UniversalToonOutline.hlsl
  artifactKey: Guid(79d4b2b8d9f5f1d49bc6fb492947344f) Importer(815301076,1909f56bfc062723c751e8b465ee728b)
Start importing Assets/Haruka_AnimeStyleGirl/ToonURP/Runtime/Shaders/UniversalToonOutline.hlsl using Guid(79d4b2b8d9f5f1d49bc6fb492947344f) Importer(815301076,1909f56bfc062723c751e8b465ee728b)  -> (artifact id: '5d9687c2b6b70da126b6f09b16a44be7') in 0.042121 seconds 
========================================================================
Received Import Request.
  Time since last request: 4.445782 seconds.
  path: Assets/Haruka_AnimeStyleGirl/FBX/Haruka_Uniform_A.fbm/_01.png
  artifactKey: Guid(e3a4dac35b55f014bba80e942efd39ad) Importer(815301076,1909f56bfc062723c751e8b465ee728b)
Start importing Assets/Haruka_AnimeStyleGirl/FBX/Haruka_Uniform_A.fbm/_01.png using Guid(e3a4dac35b55f014bba80e942efd39ad) Importer(815301076,1909f56bfc062723c751e8b465ee728b)  -> (artifact id: '66e61e7d6879d4c80ca5e3a9f3e93966') in 0.712944 seconds 
========================================================================
Received Import Request.
  Time since last request: 0.000043 seconds.
  path: Assets/Haruka_AnimeStyleGirl/FBX/Haruka_Uniform_A.fbm/_08.png
  artifactKey: Guid(78b41c88164213543a9a567ff388a41d) Importer(815301076,1909f56bfc062723c751e8b465ee728b)
Start importing Assets/Haruka_AnimeStyleGirl/FBX/Haruka_Uniform_A.fbm/_08.png using Guid(78b41c88164213543a9a567ff388a41d) Importer(815301076,1909f56bfc062723c751e8b465ee728b)  -> (artifact id: '4e75b8fdd2c590e6db4a3cd6e1e19fc5') in 0.071559 seconds 
========================================================================
Received Import Request.
  Time since last request: 0.000054 seconds.
  path: Assets/Haruka_AnimeStyleGirl/FBX/Haruka_Uniform_A.fbm/_09.png
  artifactKey: Guid(9c096533016f54749b51c2d82fe72f38) Importer(815301076,1909f56bfc062723c751e8b465ee728b)
Start importing Assets/Haruka_AnimeStyleGirl/FBX/Haruka_Uniform_A.fbm/_09.png using Guid(9c096533016f54749b51c2d82fe72f38) Importer(815301076,1909f56bfc062723c751e8b465ee728b)  -> (artifact id: '073a2abe7ea631e5be511b379e0c7404') in 0.110851 seconds 
========================================================================
Received Import Request.
  Time since last request: 0.000027 seconds.
  path: Assets/Haruka_AnimeStyleGirl/FBX/Haruka_Uniform_A.fbm/_05.normal.png
  artifactKey: Guid(e3647f67374e1224787d1d46dac64e84) Importer(815301076,1909f56bfc062723c751e8b465ee728b)
Start importing Assets/Haruka_AnimeStyleGirl/FBX/Haruka_Uniform_A.fbm/_05.normal.png using Guid(e3647f67374e1224787d1d46dac64e84) Importer(815301076,1909f56bfc062723c751e8b465ee728b)  -> (artifact id: '8403491fd0c15c2df18acd121c4fb88f') in 0.119134 seconds 
========================================================================
Received Import Request.
  Time since last request: 0.000048 seconds.
  path: Assets/Haruka_AnimeStyleGirl/FBX/Haruka_Uniform_A.fbm/_02.png
  artifactKey: Guid(27c103f923b6af143808be6ba862edf2) Importer(815301076,1909f56bfc062723c751e8b465ee728b)
Start importing Assets/Haruka_AnimeStyleGirl/FBX/Haruka_Uniform_A.fbm/_02.png using Guid(27c103f923b6af143808be6ba862edf2) Importer(815301076,1909f56bfc062723c751e8b465ee728b)  -> (artifact id: '4237c99d7941ffc0a993013117cd3f3c') in 0.096639 seconds 
========================================================================
Received Import Request.
  Time since last request: 0.000032 seconds.
  path: Assets/Haruka_AnimeStyleGirl/FBX/Haruka_Uniform_A.fbm/_03.png
  artifactKey: Guid(32259a794f92b634688c79e4f120bf29) Importer(815301076,1909f56bfc062723c751e8b465ee728b)
Start importing Assets/Haruka_AnimeStyleGirl/FBX/Haruka_Uniform_A.fbm/_03.png using Guid(32259a794f92b634688c79e4f120bf29) Importer(815301076,1909f56bfc062723c751e8b465ee728b)  -> (artifact id: 'd2121ad528ce8be8faa345aa94ec16dd') in 0.118864 seconds 
========================================================================
Received Import Request.
  Time since last request: 0.000023 seconds.
  path: Assets/Haruka_AnimeStyleGirl/FBX/Haruka_Uniform_A.fbm/_07.png
  artifactKey: Guid(962ef78863bfa664f8821dbe2335643e) Importer(815301076,1909f56bfc062723c751e8b465ee728b)
Start importing Assets/Haruka_AnimeStyleGirl/FBX/Haruka_Uniform_A.fbm/_07.png using Guid(962ef78863bfa664f8821dbe2335643e) Importer(815301076,1909f56bfc062723c751e8b465ee728b)  -> (artifact id: 'ed8fe4465a1acff748157012685a2de9') in 0.075779 seconds 
========================================================================
Received Import Request.
  Time since last request: 0.000033 seconds.
  path: Assets/Haruka_AnimeStyleGirl/FBX/Haruka_Uniform_A.fbm/Base_JK_4.png
  artifactKey: Guid(d5aa51918d8b8044eb932530dab6d340) Importer(815301076,1909f56bfc062723c751e8b465ee728b)
Start importing Assets/Haruka_AnimeStyleGirl/FBX/Haruka_Uniform_A.fbm/Base_JK_4.png using Guid(d5aa51918d8b8044eb932530dab6d340) Importer(815301076,1909f56bfc062723c751e8b465ee728b)  -> (artifact id: '48918cfa20d0af23b519382efc70c5b8') in 0.128204 seconds 
========================================================================
Received Import Request.
  Time since last request: 0.000054 seconds.
  path: Assets/Haruka_AnimeStyleGirl/FBX/Haruka_Uniform_A.fbm/_06.png
  artifactKey: Guid(892ee12780d67594ea86c5a36a87f46b) Importer(815301076,1909f56bfc062723c751e8b465ee728b)
Start importing Assets/Haruka_AnimeStyleGirl/FBX/Haruka_Uniform_A.fbm/_06.png using Guid(892ee12780d67594ea86c5a36a87f46b) Importer(815301076,1909f56bfc062723c751e8b465ee728b)  -> (artifact id: 'e64138ceab4846c83a9ad7c3412b3618') in 0.078844 seconds 
========================================================================
Received Import Request.
  Time since last request: 0.000026 seconds.
  path: Assets/Haruka_AnimeStyleGirl/FBX/Haruka_Uniform_A.fbm/_04.png
  artifactKey: Guid(a4302366b0fe0be4bb0d1122826f4576) Importer(815301076,1909f56bfc062723c751e8b465ee728b)
Start importing Assets/Haruka_AnimeStyleGirl/FBX/Haruka_Uniform_A.fbm/_04.png using Guid(a4302366b0fe0be4bb0d1122826f4576) Importer(815301076,1909f56bfc062723c751e8b465ee728b)  -> (artifact id: 'c443e299afda63cc150c8ed67aad5a32') in 0.111488 seconds 
========================================================================
Received Import Request.
  Time since last request: 0.000028 seconds.
  path: Assets/Haruka_AnimeStyleGirl/FBX/Haruka_Uniform_A.fbm/Shader_NoneNormal.normal.png
  artifactKey: Guid(0b2dac0037455314f8cf5d8408cbc824) Importer(815301076,1909f56bfc062723c751e8b465ee728b)
Start importing Assets/Haruka_AnimeStyleGirl/FBX/Haruka_Uniform_A.fbm/Shader_NoneNormal.normal.png using Guid(0b2dac0037455314f8cf5d8408cbc824) Importer(815301076,1909f56bfc062723c751e8b465ee728b)  -> (artifact id: '850811d4903f3eb8a22fe99f184ef92b') in 0.056689 seconds 
========================================================================
Received Import Request.
  Time since last request: 0.246154 seconds.
  path: Assets/New_Graph_flicker.png
  artifactKey: Guid(3dfcca9023e05174daf26df177eb5885) Importer(815301076,1909f56bfc062723c751e8b465ee728b)
Start importing Assets/New_Graph_flicker.png using Guid(3dfcca9023e05174daf26df177eb5885) Importer(815301076,1909f56bfc062723c751e8b465ee728b)  -> (artifact id: '6ccb0b00ac42abbc1d1a16b9ed578ca8') in 0.018312 seconds 
========================================================================
Received Import Request.
  Time since last request: 0.009175 seconds.
  path: Assets/New_Graph_normal.png
  artifactKey: Guid(3c593eb745567d24db61ff2561028411) Importer(815301076,1909f56bfc062723c751e8b465ee728b)
Start importing Assets/New_Graph_normal.png using Guid(3c593eb745567d24db61ff2561028411) Importer(815301076,1909f56bfc062723c751e8b465ee728b)  -> (artifact id: '00000000000000000000000000000000') in 0.107463 seconds  code(4) message(Build asset version error: assets/new_graph_normal.png in SourceAssetDB has modification time of '2023-06-05T12:23:45.1417168Z' while content on disk has modification time of '2023-06-05T12:31:54.2873896Z')
  ERROR: Build asset version error: assets/new_graph_normal.png in SourceAssetDB has modification time of '2023-06-05T12:23:45.1417168Z' while content on disk has modification time of '2023-06-05T12:31:54.2873896Z'
========================================================================
Received Import Request.
  Time since last request: 0.000037 seconds.
  path: Assets/New_Graph_output.png
  artifactKey: Guid(bcdbec20f92b11e4eb6c6e52775ce9d6) Importer(815301076,1909f56bfc062723c751e8b465ee728b)
Start importing Assets/New_Graph_output.png using Guid(bcdbec20f92b11e4eb6c6e52775ce9d6) Importer(815301076,1909f56bfc062723c751e8b465ee728b)  -> (artifact id: 'd990d1603b95dcd764012908375a7b3a') in 0.077963 seconds 
========================================================================
Received Import Request.
  Time since last request: 45.745905 seconds.
  path: Assets/Block.mat
  artifactKey: Guid(71000c371074c6149bb814deff4a8f3e) Importer(815301076,1909f56bfc062723c751e8b465ee728b)
Start importing Assets/Block.mat using Guid(71000c371074c6149bb814deff4a8f3e) Importer(815301076,1909f56bfc062723c751e8b465ee728b)  -> (artifact id: '546324f21c2a4290a8cd66b2dff6be00') in 7.555218 seconds 
========================================================================
Received Import Request.
  Time since last request: 0.000035 seconds.
  path: Assets/New_Graph_normal.png
  artifactKey: Guid(3c593eb745567d24db61ff2561028411) Importer(815301076,1909f56bfc062723c751e8b465ee728b)
Start importing Assets/New_Graph_normal.png using Guid(3c593eb745567d24db61ff2561028411) Importer(815301076,1909f56bfc062723c751e8b465ee728b)  -> (artifact id: '00000000000000000000000000000000') in 0.095713 seconds  code(4) message(Build asset version error: assets/new_graph_normal.png in SourceAssetDB has modification time of '2023-06-05T12:31:54.2873896Z' while content on disk has modification time of '2023-06-05T12:35:30.0845648Z')
  ERROR: Build asset version error: assets/new_graph_normal.png in SourceAssetDB has modification time of '2023-06-05T12:31:54.2873896Z' while content on disk has modification time of '2023-06-05T12:35:30.0845648Z'
========================================================================
Received Import Request.
  Time since last request: 117.256560 seconds.
  path: Assets/Block.mat
  artifactKey: Guid(71000c371074c6149bb814deff4a8f3e) Importer(815301076,1909f56bfc062723c751e8b465ee728b)
Start importing Assets/Block.mat using Guid(71000c371074c6149bb814deff4a8f3e) Importer(815301076,1909f56bfc062723c751e8b465ee728b)  -> (artifact id: '0ba491af322480ddbbe2d520773f98f5') in 5.243543 seconds 
========================================================================
Received Import Request.
  Time since last request: 0.000028 seconds.
  path: Assets/New_Graph_normal.png
  artifactKey: Guid(3c593eb745567d24db61ff2561028411) Importer(815301076,1909f56bfc062723c751e8b465ee728b)
Start importing Assets/New_Graph_normal.png using Guid(3c593eb745567d24db61ff2561028411) Importer(815301076,1909f56bfc062723c751e8b465ee728b)  -> (artifact id: '00000000000000000000000000000000') in 0.046379 seconds  code(4) message(Build asset version error: assets/new_graph_normal.png in SourceAssetDB has modification time of '2023-06-05T12:31:54.2873896Z' while content on disk has modification time of '2023-06-05T12:35:30.0845648Z')
  ERROR: Build asset version error: assets/new_graph_normal.png in SourceAssetDB has modification time of '2023-06-05T12:31:54.2873896Z' while content on disk has modification time of '2023-06-05T12:35:30.0845648Z'
========================================================================
Received Import Request.
  Time since last request: 25.044164 seconds.
  path: Assets/New_Graph_normal.png
  artifactKey: Guid(3c593eb745567d24db61ff2561028411) Importer(815301076,1909f56bfc062723c751e8b465ee728b)
Start importing Assets/New_Graph_normal.png using Guid(3c593eb745567d24db61ff2561028411) Importer(815301076,1909f56bfc062723c751e8b465ee728b)  -> (artifact id: '00000000000000000000000000000000') in 0.951714 seconds  code(4) message(Build asset version error: assets/new_graph_normal.png in SourceAssetDB has modification time of '2023-06-05T12:31:54.2873896Z' while content on disk has modification time of '2023-06-05T12:35:30.0845648Z')
  ERROR: Build asset version error: assets/new_graph_normal.png in SourceAssetDB has modification time of '2023-06-05T12:31:54.2873896Z' while content on disk has modification time of '2023-06-05T12:35:30.0845648Z'
========================================================================
Received Import Request.
  Time since last request: 83.348214 seconds.
  path: Assets/New_Graph_normal.png
  artifactKey: Guid(3c593eb745567d24db61ff2561028411) Importer(815301076,1909f56bfc062723c751e8b465ee728b)
Start importing Assets/New_Graph_normal.png using Guid(3c593eb745567d24db61ff2561028411) Importer(815301076,1909f56bfc062723c751e8b465ee728b)  -> (artifact id: '00000000000000000000000000000000') in 0.071176 seconds  code(4) message(Build asset version error: assets/new_graph_normal.png in SourceAssetDB has modification time of '2023-06-05T12:31:54.2873896Z' while content on disk has modification time of '2023-06-05T12:35:30.0845648Z')
  ERROR: Build asset version error: assets/new_graph_normal.png in SourceAssetDB has modification time of '2023-06-05T12:31:54.2873896Z' while content on disk has modification time of '2023-06-05T12:35:30.0845648Z'
========================================================================
Received Import Request.
  Time since last request: 42.244195 seconds.
  path: Assets/New_Graph_normal.png
  artifactKey: Guid(3c593eb745567d24db61ff2561028411) Importer(815301076,1909f56bfc062723c751e8b465ee728b)
Start importing Assets/New_Graph_normal.png using Guid(3c593eb745567d24db61ff2561028411) Importer(815301076,1909f56bfc062723c751e8b465ee728b)  -> (artifact id: '00000000000000000000000000000000') in 0.330925 seconds  code(4) message(Build asset version error: assets/new_graph_normal.png in SourceAssetDB has modification time of '2023-06-05T12:31:54.2873896Z' while content on disk has modification time of '2023-06-05T12:35:30.0845648Z')
  ERROR: Build asset version error: assets/new_graph_normal.png in SourceAssetDB has modification time of '2023-06-05T12:31:54.2873896Z' while content on disk has modification time of '2023-06-05T12:35:30.0845648Z'
========================================================================
Received Import Request.
  Time since last request: 114.344857 seconds.
  path: Assets/New_Graph_flicker.png
  artifactKey: Guid(3dfcca9023e05174daf26df177eb5885) Importer(815301076,1909f56bfc062723c751e8b465ee728b)
Start importing Assets/New_Graph_flicker.png using Guid(3dfcca9023e05174daf26df177eb5885) Importer(815301076,1909f56bfc062723c751e8b465ee728b)  -> (artifact id: '2376cd21a017220d0bb50e3d54e066c9') in 0.019070 seconds 
========================================================================
Received Import Request.
  Time since last request: 0.000036 seconds.
  path: Assets/New_Graph_normal.png
  artifactKey: Guid(3c593eb745567d24db61ff2561028411) Importer(815301076,1909f56bfc062723c751e8b465ee728b)
Start importing Assets/New_Graph_normal.png using Guid(3c593eb745567d24db61ff2561028411) Importer(815301076,1909f56bfc062723c751e8b465ee728b)  -> (artifact id: '6bbec132d068c5863479813b818721aa') in 0.204674 seconds 
========================================================================
Received Import Request.
  Time since last request: 19.384889 seconds.
  path: Assets/New_Graph_flicker.png
  artifactKey: Guid(3dfcca9023e05174daf26df177eb5885) Importer(815301076,1909f56bfc062723c751e8b465ee728b)
Start importing Assets/New_Graph_flicker.png using Guid(3dfcca9023e05174daf26df177eb5885) Importer(815301076,1909f56bfc062723c751e8b465ee728b)  -> (artifact id: 'aef2461223a294b69542346ee4e58042') in 0.036721 seconds 
========================================================================
Received Import Request.
  Time since last request: 410.612669 seconds.
  path: Assets/New_Graph_flicker.png
  artifactKey: Guid(3dfcca9023e05174daf26df177eb5885) Importer(815301076,1909f56bfc062723c751e8b465ee728b)
Start importing Assets/New_Graph_flicker.png using Guid(3dfcca9023e05174daf26df177eb5885) Importer(815301076,1909f56bfc062723c751e8b465ee728b)  -> (artifact id: '6fe6d5c42f65ceb146510f44b7a12dac') in 0.029303 seconds 
========================================================================
Received Import Request.
  Time since last request: 11.720164 seconds.
  path: Assets/New_Graph_flicker.png
  artifactKey: Guid(3dfcca9023e05174daf26df177eb5885) Importer(815301076,1909f56bfc062723c751e8b465ee728b)
Start importing Assets/New_Graph_flicker.png using Guid(3dfcca9023e05174daf26df177eb5885) Importer(815301076,1909f56bfc062723c751e8b465ee728b)  -> (artifact id: '6d5bb23760665b46422e7be2887467a1') in 0.031916 seconds 
========================================================================
Received Import Request.
  Time since last request: 137.923694 seconds.
  path: Assets/New_Graph_basecolor.png
  artifactKey: Guid(394a5f8cc2d304d48bf1274193a739cc) Importer(815301076,1909f56bfc062723c751e8b465ee728b)
Start importing Assets/New_Graph_basecolor.png using Guid(394a5f8cc2d304d48bf1274193a739cc) Importer(815301076,1909f56bfc062723c751e8b465ee728b)  -> (artifact id: '724ecbac4560892fbfa8ff5ed15ce360') in 0.049480 seconds 
========================================================================
Received Import Request.
  Time since last request: 217.167481 seconds.
  path: Assets/New_Graph_basecolor.png
  artifactKey: Guid(394a5f8cc2d304d48bf1274193a739cc) Importer(815301076,1909f56bfc062723c751e8b465ee728b)
Start importing Assets/New_Graph_basecolor.png using Guid(394a5f8cc2d304d48bf1274193a739cc) Importer(815301076,1909f56bfc062723c751e8b465ee728b)  -> (artifact id: '4d97b0529071767f4236a698f23f70b0') in 0.657735 seconds 
========================================================================
Received Import Request.
  Time since last request: 23.282958 seconds.
  path: Assets/New_Graph_basecolor.png
  artifactKey: Guid(394a5f8cc2d304d48bf1274193a739cc) Importer(815301076,1909f56bfc062723c751e8b465ee728b)
Start importing Assets/New_Graph_basecolor.png using Guid(394a5f8cc2d304d48bf1274193a739cc) Importer(815301076,1909f56bfc062723c751e8b465ee728b)  -> (artifact id: '5eaebda290a93be71ec1d0c9ed29235d') in 0.050079 seconds 
========================================================================
Received Import Request.
  Time since last request: 178.081285 seconds.
  path: Assets/Block.mat
  artifactKey: Guid(71000c371074c6149bb814deff4a8f3e) Importer(815301076,1909f56bfc062723c751e8b465ee728b)
Start importing Assets/Block.mat using Guid(71000c371074c6149bb814deff4a8f3e) Importer(815301076,1909f56bfc062723c751e8b465ee728b)  -> (artifact id: '16b09b1873d8a82e6026ffaa4eb05d41') in 2.344077 seconds 
========================================================================
Received Prepare
Registering precompiled user dll's ...
Registered in 0.033315 seconds.
Begin MonoManager ReloadAssembly
Symbol file LoadedFromMemory doesn't match image E:\silkRender\Library\PackageCache\com.unity.visualscripting@1.7.8\Editor\VisualScripting.Core\Dependencies\YamlDotNet\Unity.VisualScripting.YamlDotNet.dll
Symbol file LoadedFromMemory doesn't match image E:\silkRender\Library\PackageCache\com.unity.visualscripting@1.7.8\Editor\VisualScripting.Core\Dependencies\DotNetZip\Unity.VisualScripting.IonicZip.dll
Native extension for WindowsStandalone target not found
Native extension for WebGL target not found
Refreshing native plugins compatible for Editor in 2.58 ms, found 3 plugins.
Preloading 0 native plugins for Editor in 0.00 ms.
Mono: successfully reloaded assembly
- Completed reload, in 12.480 seconds
Domain Reload Profiling:
	ReloadAssembly (12561ms)
		BeginReloadAssembly (7643ms)
			ExecutionOrderSort (9ms)
			DisableScriptedObjects (2174ms)
			BackupInstance (0ms)
			ReleaseScriptingObjects (0ms)
			CreateAndSetChildDomain (3378ms)
		EndReloadAssembly (4197ms)
			LoadAssemblies (495ms)
			RebuildTransferFunctionScriptingTraits (78ms)
			SetupTypeCache (1074ms)
			ReleaseScriptCaches (2ms)
			RebuildScriptCaches (112ms)
			SetupLoadedEditorAssemblies (1491ms)
				LogAssemblyErrors (0ms)
				InitializePlatformSupportModulesInManaged (87ms)
				SetLoadedEditorAssemblies (9ms)
				RefreshPlugins (13ms)
				BeforeProcessingInitializeOnLoad (187ms)
				ProcessInitializeOnLoadAttributes (955ms)
				ProcessInitializeOnLoadMethodAttributes (210ms)
				AfterProcessingInitializeOnLoad (10ms)
				EditorAssembliesLoaded (19ms)
			ExecutionOrderSort2 (0ms)
			AwakeInstancesAfterBackupRestoration (124ms)
Platform modules already initialized, skipping
Refreshing native plugins compatible for Editor in 2.42 ms, found 3 plugins.
Preloading 0 native plugins for Editor in 0.00 ms.
Unloading 4925 Unused Serialized files (Serialized files now loaded: 0)
Unloading 25 unused Assets / (310.0 KB). Loaded Objects now: 5609.
Memory consumption went from 198.2 MB to 197.9 MB.
Total: 430.050500 ms (FindLiveObjects: 0.471700 ms CreateObjectMapping: 0.417400 ms MarkObjects: 429.064400 ms  DeleteObjects: 0.095400 ms)

AssetImportParameters requested are different than current active one (requested -> active):
  custom:video-decoder-ogg-theora: a1e56fd34408186e4bbccfd4996cb3dc -> 
  custom:container-muxer-webm: aa71ff27fc2769a1b78a27578f13a17b -> 
  custom:container-demuxer-webm: 4f35f7cbe854078d1ac9338744f61a02 -> 
  custom:video-encoder-webm-vp8: eb34c28f22e8b96e1ab97ce403110664 -> 
  custom:audio-encoder-webm-vorbis: bf7c407c2cedff20999df2af8eb42d56 -> 
  custom:framework-win-MediaFoundation: 216162199b28c13a410421893ffa2e32 -> 
  custom:container-demuxer-ogg: 62fdf1f143b41e24485cea50d1cbac27 -> 
  custom:video-decoder-webm-vp8: 9c59270c3fd7afecdb556c50c9e8de78 -> 
  custom:audio-decoder-ogg-vorbis: bf7c407c2cedff20999df2af8eb42d56 -> 
