Using pre-set license
Built from '2021.3/china_unity/release' branch; Version is '2021.3.6f1c1 (07401303b748) revision 475155'; Using compiler version '192829333'; Build Type 'Release'
OS: 'Windows 10  (10.0.17763) 64bit EnterpriseS' Language: 'zh' Physical Memory: 8011 MB
BatchMode: 1, IsHumanControllingUs: 0, StartBugReporterOnCrash: 0, Is64bit: 1, IsPro: 1

COMMAND LINE ARGUMENTS:
C:\Program Files\Unity\Hub\Editor\2021.3.6f1c1\Editor\Unity.exe
-adb2
-batchMode
-noUpm
-name
AssetImportWorker1
-projectPath
E:/BlackSlik
-logFile
Logs/AssetImportWorker1.log
-srvPort
59950
Successfully changed project path to: E:/BlackSlik
E:/BlackSlik
[UnityMemory] Configuration Parameters - Can be set up in boot.config
    "memorysetup-bucket-allocator-granularity=16"
    "memorysetup-bucket-allocator-bucket-count=8"
    "memorysetup-bucket-allocator-block-size=33554432"
    "memorysetup-bucket-allocator-block-count=8"
    "memorysetup-main-allocator-block-size=16777216"
    "memorysetup-thread-allocator-block-size=16777216"
    "memorysetup-gfx-main-allocator-block-size=16777216"
    "memorysetup-gfx-thread-allocator-block-size=16777216"
    "memorysetup-cache-allocator-block-size=4194304"
    "memorysetup-typetree-allocator-block-size=2097152"
    "memorysetup-profiler-bucket-allocator-granularity=16"
    "memorysetup-profiler-bucket-allocator-bucket-count=8"
    "memorysetup-profiler-bucket-allocator-block-size=33554432"
    "memorysetup-profiler-bucket-allocator-block-count=8"
    "memorysetup-profiler-allocator-block-size=16777216"
    "memorysetup-profiler-editor-allocator-block-size=1048576"
    "memorysetup-temp-allocator-size-main=16777216"
    "memorysetup-job-temp-allocator-block-size=2097152"
    "memorysetup-job-temp-allocator-block-size-background=1048576"
    "memorysetup-job-temp-allocator-reduction-small-platforms=262144"
    "memorysetup-temp-allocator-size-background-worker=32768"
    "memorysetup-temp-allocator-size-job-worker=262144"
    "memorysetup-temp-allocator-size-preload-manager=33554432"
    "memorysetup-temp-allocator-size-nav-mesh-worker=65536"
    "memorysetup-temp-allocator-size-audio-worker=65536"
    "memorysetup-temp-allocator-size-cloud-worker=32768"
    "memorysetup-temp-allocator-size-gi-baking-worker=262144"
    "memorysetup-temp-allocator-size-gfx=262144"
AS: AutoStreaming module initializing.
Refreshing native plugins compatible for Editor in 367.41 ms, found 3 plugins.
Preloading 0 native plugins for Editor in 0.00 ms.
Initialize engine version: 2021.3.6f1c1 (07401303b748)
[Subsystems] Discovering subsystems at path C:/Program Files/Unity/Hub/Editor/2021.3.6f1c1/Editor/Data/Resources/UnitySubsystems
[Subsystems] Discovering subsystems at path E:/BlackSlik/Assets
GfxDevice: creating device client; threaded=0; jobified=0
Direct3D:
    Version:  Direct3D 11.0 [level 11.1]
    Renderer: Intel(R) UHD Graphics 630 (ID=0x3e98)
    Vendor:   Intel
    VRAM:     4005 MB
    Driver:   30.0.100.9864
Initialize mono
Mono path[0] = 'C:/Program Files/Unity/Hub/Editor/2021.3.6f1c1/Editor/Data/Managed'
Mono path[1] = 'C:/Program Files/Unity/Hub/Editor/2021.3.6f1c1/Editor/Data/MonoBleedingEdge/lib/mono/unityjit-win32'
Mono config path = 'C:/Program Files/Unity/Hub/Editor/2021.3.6f1c1/Editor/Data/MonoBleedingEdge/etc'
Using monoOptions --debugger-agent=transport=dt_socket,embedding=1,server=y,suspend=n,address=127.0.0.1:56708
Begin MonoManager ReloadAssembly
Registering precompiled unity dll's ...
Register platform support module: C:/Program Files/Unity/Hub/Editor/2021.3.6f1c1/Editor/Data/PlaybackEngines/WebGLSupport/UnityEditor.WebGL.Extensions.dll
Register platform support module: C:/Program Files/Unity/Hub/Editor/2021.3.6f1c1/Editor/Data/PlaybackEngines/WindowsStandaloneSupport/UnityEditor.WindowsStandalone.Extensions.dll
Registered in 0.004797 seconds.
Native extension for WindowsStandalone target not found
Native extension for WebGL target not found
Refreshing native plugins compatible for Editor in 90.35 ms, found 3 plugins.
Preloading 0 native plugins for Editor in 0.00 ms.
Mono: successfully reloaded assembly
- Completed reload, in  0.606 seconds
Domain Reload Profiling:
	ReloadAssembly (607ms)
		BeginReloadAssembly (67ms)
			ExecutionOrderSort (0ms)
			DisableScriptedObjects (0ms)
			BackupInstance (0ms)
			ReleaseScriptingObjects (0ms)
			CreateAndSetChildDomain (1ms)
		EndReloadAssembly (429ms)
			LoadAssemblies (64ms)
			RebuildTransferFunctionScriptingTraits (0ms)
			SetupTypeCache (97ms)
			ReleaseScriptCaches (0ms)
			RebuildScriptCaches (26ms)
			SetupLoadedEditorAssemblies (255ms)
				LogAssemblyErrors (0ms)
				InitializePlatformSupportModulesInManaged (8ms)
				SetLoadedEditorAssemblies (0ms)
				RefreshPlugins (90ms)
				BeforeProcessingInitializeOnLoad (1ms)
				ProcessInitializeOnLoadAttributes (114ms)
				ProcessInitializeOnLoadMethodAttributes (42ms)
				AfterProcessingInitializeOnLoad (0ms)
				EditorAssembliesLoaded (0ms)
			ExecutionOrderSort2 (0ms)
			AwakeInstancesAfterBackupRestoration (0ms)
Platform modules already initialized, skipping
Registering precompiled user dll's ...
Registered in 0.008868 seconds.
Begin MonoManager ReloadAssembly
Symbol file LoadedFromMemory doesn't match image E:\BlackSlik\Library\PackageCache\com.unity.visualscripting@1.7.8\Editor\VisualScripting.Core\Dependencies\YamlDotNet\Unity.VisualScripting.YamlDotNet.dll
Symbol file LoadedFromMemory doesn't match image E:\BlackSlik\Library\PackageCache\com.unity.visualscripting@1.7.8\Editor\VisualScripting.Core\Dependencies\DotNetZip\Unity.VisualScripting.IonicZip.dll
Native extension for WindowsStandalone target not found
Native extension for WebGL target not found
Refreshing native plugins compatible for Editor in 92.88 ms, found 3 plugins.
Preloading 0 native plugins for Editor in 0.00 ms.
Mono: successfully reloaded assembly
- Completed reload, in  1.158 seconds
Domain Reload Profiling:
	ReloadAssembly (1159ms)
		BeginReloadAssembly (104ms)
			ExecutionOrderSort (0ms)
			DisableScriptedObjects (6ms)
			BackupInstance (0ms)
			ReleaseScriptingObjects (0ms)
			CreateAndSetChildDomain (17ms)
		EndReloadAssembly (939ms)
			LoadAssemblies (79ms)
			RebuildTransferFunctionScriptingTraits (0ms)
			SetupTypeCache (247ms)
			ReleaseScriptCaches (1ms)
			RebuildScriptCaches (52ms)
			SetupLoadedEditorAssemblies (516ms)
				LogAssemblyErrors (0ms)
				InitializePlatformSupportModulesInManaged (5ms)
				SetLoadedEditorAssemblies (0ms)
				RefreshPlugins (93ms)
				BeforeProcessingInitializeOnLoad (95ms)
				ProcessInitializeOnLoadAttributes (232ms)
				ProcessInitializeOnLoadMethodAttributes (82ms)
				AfterProcessingInitializeOnLoad (9ms)
				EditorAssembliesLoaded (0ms)
			ExecutionOrderSort2 (0ms)
			AwakeInstancesAfterBackupRestoration (5ms)
Platform modules already initialized, skipping
========================================================================
Worker process is ready to serve import requests
Launched and connected shader compiler UnityShaderCompiler.exe after 0.04 seconds
Refreshing native plugins compatible for Editor in 0.87 ms, found 3 plugins.
Preloading 0 native plugins for Editor in 0.00 ms.
Unloading 5021 Unused Serialized files (Serialized files now loaded: 0)
Unloading 34 unused Assets / (0.7 MB). Loaded Objects now: 5475.
Memory consumption went from 196.6 MB to 195.9 MB.
Total: 3.838800 ms (FindLiveObjects: 0.418700 ms CreateObjectMapping: 0.300300 ms MarkObjects: 2.825900 ms  DeleteObjects: 0.293100 ms)

AssetImportParameters requested are different than current active one (requested -> active):
  custom:video-decoder-ogg-theora: a1e56fd34408186e4bbccfd4996cb3dc -> 
  custom:container-muxer-webm: aa71ff27fc2769a1b78a27578f13a17b -> 
  custom:container-demuxer-webm: 4f35f7cbe854078d1ac9338744f61a02 -> 
  custom:video-encoder-webm-vp8: eb34c28f22e8b96e1ab97ce403110664 -> 
  custom:audio-encoder-webm-vorbis: bf7c407c2cedff20999df2af8eb42d56 -> 
  custom:framework-win-MediaFoundation: 216162199b28c13a410421893ffa2e32 -> 
  custom:container-demuxer-ogg: 62fdf1f143b41e24485cea50d1cbac27 -> 
  custom:video-decoder-webm-vp8: 9c59270c3fd7afecdb556c50c9e8de78 -> 
  custom:audio-decoder-ogg-vorbis: bf7c407c2cedff20999df2af8eb42d56 -> 
========================================================================
Received Import Request.
  Time since last request: 458995.243440 seconds.
  path: Assets/gril/Silk_BaseDrakNormal.png
  artifactKey: Guid(593530a51f45a0248aac3d9022493448) Importer(815301076,1909f56bfc062723c751e8b465ee728b)
Start importing Assets/gril/Silk_BaseDrakNormal.png using Guid(593530a51f45a0248aac3d9022493448) Importer(815301076,1909f56bfc062723c751e8b465ee728b)  -> (artifact id: 'a3102eca1894589657e29dce04cc8f6f') in 0.107083 seconds 
========================================================================
Received Import Request.
  Time since last request: 0.000024 seconds.
  path: Assets/gril/TarpHeight.tif
  artifactKey: Guid(57650cfea7764a3fadbc02832036c31b) Importer(815301076,1909f56bfc062723c751e8b465ee728b)
Start importing Assets/gril/TarpHeight.tif using Guid(57650cfea7764a3fadbc02832036c31b) Importer(815301076,1909f56bfc062723c751e8b465ee728b)  -> (artifact id: '355c6d2305df0c67a2ef43065cf29eba') in 1.126891 seconds 
========================================================================
Received Import Request.
  Time since last request: 0.000023 seconds.
  path: Assets/gril/TarpNormal.tif
  artifactKey: Guid(f801b5d60f6341cd885f97f23afdf8d8) Importer(815301076,1909f56bfc062723c751e8b465ee728b)
Start importing Assets/gril/TarpNormal.tif using Guid(f801b5d60f6341cd885f97f23afdf8d8) Importer(815301076,1909f56bfc062723c751e8b465ee728b)  -> (artifact id: '4666306b8a7960b7aa7b20904a657ff7') in 0.019683 seconds 
========================================================================
Received Import Request.
  Time since last request: 0.000052 seconds.
  path: Assets/gril/Hestia_v1.0_2.79.fbx
  artifactKey: Guid(16cb3325c4001674f9ee119c7c2e5587) Importer(815301076,1909f56bfc062723c751e8b465ee728b)
Start importing Assets/gril/Hestia_v1.0_2.79.fbx using Guid(16cb3325c4001674f9ee119c7c2e5587) Importer(815301076,1909f56bfc062723c751e8b465ee728b)  -> (artifact id: '32372993863b9ab8b67bf3453b327e88') in 1.751594 seconds 
========================================================================
Received Import Request.
  Time since last request: 0.000024 seconds.
  path: Assets/gril/舞蹈-极乐净土.FBX
  artifactKey: Guid(fdf7692320920514cae4cf9779ce540d) Importer(815301076,1909f56bfc062723c751e8b465ee728b)
Start importing Assets/gril/舞蹈-极乐净土.FBX using Guid(fdf7692320920514cae4cf9779ce540d) Importer(815301076,1909f56bfc062723c751e8b465ee728b)  -> (artifact id: '093b5c6bdfcf5cf43a1b25179fa26ea0') in 0.292244 seconds 
========================================================================
Received Import Request.
  Time since last request: 0.000079 seconds.
  path: Assets/gril/CanvasNormal.tif
  artifactKey: Guid(e9f5cbcd3734429daf37d699424eb645) Importer(815301076,1909f56bfc062723c751e8b465ee728b)
Start importing Assets/gril/CanvasNormal.tif using Guid(e9f5cbcd3734429daf37d699424eb645) Importer(815301076,1909f56bfc062723c751e8b465ee728b)  -> (artifact id: '48b383cd935fae8aa8eaaef608052f83') in 0.020388 seconds 
========================================================================
Received Import Request.
  Time since last request: 0.000027 seconds.
  path: Assets/gril/Detail.mat
  artifactKey: Guid(6e3ec24c63c80f64dbc209c1d9c1ddf7) Importer(815301076,1909f56bfc062723c751e8b465ee728b)
Start importing Assets/gril/Detail.mat using Guid(6e3ec24c63c80f64dbc209c1d9c1ddf7) Importer(815301076,1909f56bfc062723c751e8b465ee728b)  -> (artifact id: '69b47016ca8d5f81f00aa70d4386af9e') in 1.771352 seconds 
========================================================================
Received Import Request.
  Time since last request: 0.000023 seconds.
  path: Assets/gril/CalibrationFloorSpecularGloss.tif
  artifactKey: Guid(fe5eadee7cfb4728aefcd7286d7494ff) Importer(815301076,1909f56bfc062723c751e8b465ee728b)
Start importing Assets/gril/CalibrationFloorSpecularGloss.tif using Guid(fe5eadee7cfb4728aefcd7286d7494ff) Importer(815301076,1909f56bfc062723c751e8b465ee728b)  -> (artifact id: '43223771bb05bd5a1078425299f93e70') in 0.139596 seconds 
========================================================================
Received Import Request.
  Time since last request: 0.000033 seconds.
  path: Assets/gril/Sky.mat
  artifactKey: Guid(66f1775ac6d55304a8c65b681b49b1e7) Importer(815301076,1909f56bfc062723c751e8b465ee728b)
Start importing Assets/gril/Sky.mat using Guid(66f1775ac6d55304a8c65b681b49b1e7) Importer(815301076,1909f56bfc062723c751e8b465ee728b)  -> (artifact id: '39854d629bdb8ea2a13492cd341ec9ec') in 0.192041 seconds 
========================================================================
Received Import Request.
  Time since last request: 0.000028 seconds.
  path: Assets/gril/BaseSilk.mat
  artifactKey: Guid(e34053c6ee97f3e42a4ac60d3404f52d) Importer(815301076,1909f56bfc062723c751e8b465ee728b)
Start importing Assets/gril/BaseSilk.mat using Guid(e34053c6ee97f3e42a4ac60d3404f52d) Importer(815301076,1909f56bfc062723c751e8b465ee728b)  -> (artifact id: '41a36ba8bdd6beba8cf0247e61378b40') in 2.160054 seconds 
========================================================================
Received Import Request.
  Time since last request: 0.000044 seconds.
  path: Assets/gril/LCD_Horizontal_Cookie.png
  artifactKey: Guid(12575e16df7782948a12312b07ef7772) Importer(815301076,1909f56bfc062723c751e8b465ee728b)
Start importing Assets/gril/LCD_Horizontal_Cookie.png using Guid(12575e16df7782948a12312b07ef7772) Importer(815301076,1909f56bfc062723c751e8b465ee728b)  -> (artifact id: 'aaf8d859ca1d092741a7019702fcb8ca') in 0.015268 seconds 
========================================================================
Received Import Request.
  Time since last request: 0.000029 seconds.
  path: Assets/gril/Silk_PatternNormal.png
  artifactKey: Guid(71286b1e7ded3f6498d37cd0dc9abe50) Importer(815301076,1909f56bfc062723c751e8b465ee728b)
Start importing Assets/gril/Silk_PatternNormal.png using Guid(71286b1e7ded3f6498d37cd0dc9abe50) Importer(815301076,1909f56bfc062723c751e8b465ee728b)  -> (artifact id: 'ccf124e91299c50a9db7def7e3e4325c') in 0.028341 seconds 
========================================================================
Received Import Request.
  Time since last request: 0.000027 seconds.
  path: Assets/gril/PaternDark.mat
  artifactKey: Guid(b9679353f19378e4ab196325aeff192b) Importer(815301076,1909f56bfc062723c751e8b465ee728b)
Start importing Assets/gril/PaternDark.mat using Guid(b9679353f19378e4ab196325aeff192b) Importer(815301076,1909f56bfc062723c751e8b465ee728b)  -> (artifact id: '53848a88c13596fc0696c5c43c166989') in 0.068215 seconds 
========================================================================
Received Import Request.
  Time since last request: 0.000028 seconds.
  path: Assets/gril/Block3.mat
  artifactKey: Guid(d362647ada2039241bbbda1b674652e3) Importer(815301076,1909f56bfc062723c751e8b465ee728b)
Start importing Assets/gril/Block3.mat using Guid(d362647ada2039241bbbda1b674652e3) Importer(815301076,1909f56bfc062723c751e8b465ee728b)  -> (artifact id: '49dfc859f976dddd04600bddd9eb0871') in 0.046022 seconds 
========================================================================
Received Import Request.
  Time since last request: 0.000024 seconds.
  path: Assets/gril/Silk_FishnetInfo.png
  artifactKey: Guid(b6753083ab273b84ebbbd5329a1e485d) Importer(815301076,1909f56bfc062723c751e8b465ee728b)
Start importing Assets/gril/Silk_FishnetInfo.png using Guid(b6753083ab273b84ebbbd5329a1e485d) Importer(815301076,1909f56bfc062723c751e8b465ee728b)  -> (artifact id: '74c0e88d90221d47e052fd1d5d7f99ae') in 0.023384 seconds 
========================================================================
Received Import Request.
  Time since last request: 0.000039 seconds.
  path: Assets/gril/Silk_FishnetNormal.png
  artifactKey: Guid(0a047542bee51984d9b2fa9a2018ec5b) Importer(815301076,1909f56bfc062723c751e8b465ee728b)
Start importing Assets/gril/Silk_FishnetNormal.png using Guid(0a047542bee51984d9b2fa9a2018ec5b) Importer(815301076,1909f56bfc062723c751e8b465ee728b)  -> (artifact id: 'd164b1e7ab0df65e65962b3a51a12a07') in 0.084501 seconds 
========================================================================
Received Import Request.
  Time since last request: 0.000055 seconds.
  path: Assets/gril/BaseDarkSilk.mat
  artifactKey: Guid(a86962071b16f394591d33c87b32f62e) Importer(815301076,1909f56bfc062723c751e8b465ee728b)
Start importing Assets/gril/BaseDarkSilk.mat using Guid(a86962071b16f394591d33c87b32f62e) Importer(815301076,1909f56bfc062723c751e8b465ee728b)  -> (artifact id: '31c8b9a0202fe68c2d71508a4a10be5c') in 0.037095 seconds 
========================================================================
Received Import Request.
  Time since last request: 0.000050 seconds.
  path: Assets/gril/Silk_PatternDarkInfo.png
  artifactKey: Guid(9200522fea496d94c8175f17ad1ec2dc) Importer(815301076,1909f56bfc062723c751e8b465ee728b)
Start importing Assets/gril/Silk_PatternDarkInfo.png using Guid(9200522fea496d94c8175f17ad1ec2dc) Importer(815301076,1909f56bfc062723c751e8b465ee728b)  -> (artifact id: 'a21053358bcc40553592e94c9d598c94') in 0.025786 seconds 
========================================================================
Received Import Request.
  Time since last request: 0.000034 seconds.
  path: Assets/gril/JK_normal.png
  artifactKey: Guid(46527f6c86a286c4593b8effdebb7c02) Importer(815301076,1909f56bfc062723c751e8b465ee728b)
Start importing Assets/gril/JK_normal.png using Guid(46527f6c86a286c4593b8effdebb7c02) Importer(815301076,1909f56bfc062723c751e8b465ee728b)  -> (artifact id: '2d3409974031afa6107dfd318b11085c') in 0.023030 seconds 
========================================================================
Received Import Request.
  Time since last request: 0.000029 seconds.
  path: Assets/gril/Silk_BaseLightInfo.png
  artifactKey: Guid(7cffbb3074ff1294cbb4e1d216154b31) Importer(815301076,1909f56bfc062723c751e8b465ee728b)
Start importing Assets/gril/Silk_BaseLightInfo.png using Guid(7cffbb3074ff1294cbb4e1d216154b31) Importer(815301076,1909f56bfc062723c751e8b465ee728b)  -> (artifact id: 'a9c058c99b0fe69a9c22b70d153553ff') in 0.034223 seconds 
========================================================================
Received Import Request.
  Time since last request: 0.000061 seconds.
  path: Assets/gril/hhhh.fbx
  artifactKey: Guid(08df667835a12544e9c743a9627525a3) Importer(815301076,1909f56bfc062723c751e8b465ee728b)
Start importing Assets/gril/hhhh.fbx using Guid(08df667835a12544e9c743a9627525a3) Importer(815301076,1909f56bfc062723c751e8b465ee728b)  -> (artifact id: '29bff907d019d8651c50c56e4bebe525') in 0.078101 seconds 
========================================================================
Received Import Request.
  Time since last request: 0.000023 seconds.
  path: Assets/gril/UniversalRenderPipelineGlobalSettings.asset
  artifactKey: Guid(18dc0cd2c080841dea60987a38ce93fa) Importer(815301076,1909f56bfc062723c751e8b465ee728b)
Start importing Assets/gril/UniversalRenderPipelineGlobalSettings.asset using Guid(18dc0cd2c080841dea60987a38ce93fa) Importer(815301076,1909f56bfc062723c751e8b465ee728b)  -> (artifact id: '2eecc253734895facb66926253515a97') in 0.014314 seconds 
========================================================================
Received Import Request.
  Time since last request: 0.000033 seconds.
  path: Assets/gril/Silk_PatternInfo.png
  artifactKey: Guid(dd6bab6d1adc4fb48a678621e3baab82) Importer(815301076,1909f56bfc062723c751e8b465ee728b)
Start importing Assets/gril/Silk_PatternInfo.png using Guid(dd6bab6d1adc4fb48a678621e3baab82) Importer(815301076,1909f56bfc062723c751e8b465ee728b)  -> (artifact id: '6c50f022a77e92c2d00d07c321a9d155') in 0.029973 seconds 
========================================================================
Received Import Request.
  Time since last request: 0.000034 seconds.
  path: Assets/gril/New Material.mat
  artifactKey: Guid(a807dd84ae2839a478788a06e5429409) Importer(815301076,1909f56bfc062723c751e8b465ee728b)
Start importing Assets/gril/New Material.mat using Guid(a807dd84ae2839a478788a06e5429409) Importer(815301076,1909f56bfc062723c751e8b465ee728b)  -> (artifact id: '2cbbfec1c5ea404b58081889b446618f') in 0.038866 seconds 
========================================================================
Received Import Request.
  Time since last request: 0.000032 seconds.
  path: Assets/gril/CanvasSpecular.tif
  artifactKey: Guid(b1e5fe3833fd46d2b6032ff234c94457) Importer(815301076,1909f56bfc062723c751e8b465ee728b)
Start importing Assets/gril/CanvasSpecular.tif using Guid(b1e5fe3833fd46d2b6032ff234c94457) Importer(815301076,1909f56bfc062723c751e8b465ee728b)  -> (artifact id: '96af9bd845dfbb0f3686b3668dff7806') in 0.019466 seconds 
========================================================================
Received Import Request.
  Time since last request: 0.000047 seconds.
  path: Assets/gril/Silk_BaseLightNormal.png
  artifactKey: Guid(9a3445a52e115c24fbb07ec3fc72480f) Importer(815301076,1909f56bfc062723c751e8b465ee728b)
Start importing Assets/gril/Silk_BaseLightNormal.png using Guid(9a3445a52e115c24fbb07ec3fc72480f) Importer(815301076,1909f56bfc062723c751e8b465ee728b)  -> (artifact id: '2c18927711b8806521316a61ea1b8b41') in 0.021261 seconds 
========================================================================
Received Import Request.
  Time since last request: 0.000043 seconds.
  path: Assets/gril/Silk_Pattern2Normal.png
  artifactKey: Guid(aae25530c18c29a4b811d85f2e2559d6) Importer(815301076,1909f56bfc062723c751e8b465ee728b)
Start importing Assets/gril/Silk_Pattern2Normal.png using Guid(aae25530c18c29a4b811d85f2e2559d6) Importer(815301076,1909f56bfc062723c751e8b465ee728b)  -> (artifact id: 'afc5bd1b6b69e1d1008aa3ff780c39b6') in 0.031253 seconds 
========================================================================
Received Import Request.
  Time since last request: 0.000029 seconds.
  path: Assets/gril/CanvasDiffuse.tif
  artifactKey: Guid(95373863c64045ccb7107d5aed7d0a77) Importer(815301076,1909f56bfc062723c751e8b465ee728b)
Start importing Assets/gril/CanvasDiffuse.tif using Guid(95373863c64045ccb7107d5aed7d0a77) Importer(815301076,1909f56bfc062723c751e8b465ee728b)  -> (artifact id: '7ff3b8b9db6851558317e5560cbeb2fc') in 0.020586 seconds 
========================================================================
Received Import Request.
  Time since last request: 0.000039 seconds.
  path: Assets/gril/Block 1.mat
  artifactKey: Guid(b1c01d95fcd66e7498eb147393a09c6d) Importer(815301076,1909f56bfc062723c751e8b465ee728b)
Start importing Assets/gril/Block 1.mat using Guid(b1c01d95fcd66e7498eb147393a09c6d) Importer(815301076,1909f56bfc062723c751e8b465ee728b)  -> (artifact id: 'ecbb8180827fb608d59dbf0e5e141521') in 0.041546 seconds 
========================================================================
Received Import Request.
  Time since last request: 0.000034 seconds.
  path: Assets/gril/Silk_BaseDarkInfo.png
  artifactKey: Guid(7ce7968a6817b874f90d18934f914c27) Importer(815301076,1909f56bfc062723c751e8b465ee728b)
Start importing Assets/gril/Silk_BaseDarkInfo.png using Guid(7ce7968a6817b874f90d18934f914c27) Importer(815301076,1909f56bfc062723c751e8b465ee728b)  -> (artifact id: '2e051d17137122347e0b971ad8289b72') in 0.031556 seconds 
========================================================================
Received Import Request.
  Time since last request: 0.000037 seconds.
  path: Assets/gril/FishnetSilk.mat
  artifactKey: Guid(71000c371074c6149bb814deff4a8f3e) Importer(815301076,1909f56bfc062723c751e8b465ee728b)
Start importing Assets/gril/FishnetSilk.mat using Guid(71000c371074c6149bb814deff4a8f3e) Importer(815301076,1909f56bfc062723c751e8b465ee728b)  -> (artifact id: '7e5ab3062a7aada8583affa8f4edd443') in 0.033032 seconds 
========================================================================
Received Import Request.
  Time since last request: 0.000047 seconds.
  path: Assets/gril/Dungeon_Hestia_diff.tga
  artifactKey: Guid(a4901d0e5174b0743be53736d339dcb2) Importer(815301076,1909f56bfc062723c751e8b465ee728b)
Start importing Assets/gril/Dungeon_Hestia_diff.tga using Guid(a4901d0e5174b0743be53736d339dcb2) Importer(815301076,1909f56bfc062723c751e8b465ee728b)  -> (artifact id: '46eaf12d4f4276569e2bc83a9aad5791') in 0.058495 seconds 
========================================================================
Received Import Request.
  Time since last request: 0.000028 seconds.
  path: Assets/gril/JK_AO.png
  artifactKey: Guid(d5de015161eb15a47ac9f4f5482c276e) Importer(815301076,1909f56bfc062723c751e8b465ee728b)
Start importing Assets/gril/JK_AO.png using Guid(d5de015161eb15a47ac9f4f5482c276e) Importer(815301076,1909f56bfc062723c751e8b465ee728b)  -> (artifact id: '031257c0edf6028c4072b53c1e29b947') in 0.078272 seconds 
========================================================================
Received Import Request.
  Time since last request: 0.000028 seconds.
  path: Assets/gril/OverViewEnv.mat
  artifactKey: Guid(ed3bd4de5262c8b4ab507517fd272522) Importer(815301076,1909f56bfc062723c751e8b465ee728b)
Start importing Assets/gril/OverViewEnv.mat using Guid(ed3bd4de5262c8b4ab507517fd272522) Importer(815301076,1909f56bfc062723c751e8b465ee728b)  -> (artifact id: '0265905bf6bc845cb0b12d822ce1d601') in 0.027955 seconds 
========================================================================
Received Import Request.
  Time since last request: 0.000029 seconds.
  path: Assets/gril/TarpDiffuse.tif
  artifactKey: Guid(e791817f3b5147498cf77fafc3ed82bf) Importer(815301076,1909f56bfc062723c751e8b465ee728b)
Start importing Assets/gril/TarpDiffuse.tif using Guid(e791817f3b5147498cf77fafc3ed82bf) Importer(815301076,1909f56bfc062723c751e8b465ee728b)  -> (artifact id: 'bdd3fddf2a07fb50820ba25d6c305292') in 0.022783 seconds 
========================================================================
Received Import Request.
  Time since last request: 0.000171 seconds.
  path: Assets/gril/Readme.asset
  artifactKey: Guid(8105016687592461f977c054a80ce2f2) Importer(815301076,1909f56bfc062723c751e8b465ee728b)
Start importing Assets/gril/Readme.asset using Guid(8105016687592461f977c054a80ce2f2) Importer(815301076,1909f56bfc062723c751e8b465ee728b)  -> (artifact id: '0f2f2b655bf21bdea72856b1c39a4a32') in 0.014522 seconds 
========================================================================
Received Import Request.
  Time since last request: 141.811347 seconds.
  path: Assets/Scenes/SampleScene.unity
  artifactKey: Guid(99c9720ab356a0642a771bea13969a05) Importer(815301076,1909f56bfc062723c751e8b465ee728b)
Start importing Assets/Scenes/SampleScene.unity using Guid(99c9720ab356a0642a771bea13969a05) Importer(815301076,1909f56bfc062723c751e8b465ee728b)  -> (artifact id: '7d394f32b24f75fc14f22d6939f356f5') in 0.007065 seconds 
========================================================================
Received Import Request.
  Time since last request: 11.341031 seconds.
  path: Assets/Scenes/DemoScene.unity
  artifactKey: Guid(99c9720ab356a0642a771bea13969a05) Importer(815301076,1909f56bfc062723c751e8b465ee728b)
Start importing Assets/Scenes/DemoScene.unity using Guid(99c9720ab356a0642a771bea13969a05) Importer(815301076,1909f56bfc062723c751e8b465ee728b)  -> (artifact id: 'f715eb02ccef05b925697c3a3bd3a6f3') in 0.008839 seconds 
========================================================================
Received Import Request.
  Time since last request: 53.724941 seconds.
  path: Assets/Settings/SampleSceneProfile.asset
  artifactKey: Guid(a6560a915ef98420e9faacc1c7438823) Importer(815301076,1909f56bfc062723c751e8b465ee728b)
Start importing Assets/Settings/SampleSceneProfile.asset using Guid(a6560a915ef98420e9faacc1c7438823) Importer(815301076,1909f56bfc062723c751e8b465ee728b)  -> (artifact id: 'ecfd0a616ff2dfc77b82e90688ad3ff4') in 0.064386 seconds 
========================================================================
Received Import Request.
  Time since last request: 0.646448 seconds.
  path: Assets/Settings/URP-Balanced-Renderer.asset
  artifactKey: Guid(e634585d5c4544dd297acaee93dc2beb) Importer(815301076,1909f56bfc062723c751e8b465ee728b)
Start importing Assets/Settings/URP-Balanced-Renderer.asset using Guid(e634585d5c4544dd297acaee93dc2beb) Importer(815301076,1909f56bfc062723c751e8b465ee728b)  -> (artifact id: 'ae3b643dd8250ee901a01ee80ff5d07d') in 0.058969 seconds 
========================================================================
Received Import Request.
  Time since last request: 0.000125 seconds.
  path: Assets/Settings/URP-HighFidelity.asset
  artifactKey: Guid(7b7fd9122c28c4d15b667c7040e3b3fd) Importer(815301076,1909f56bfc062723c751e8b465ee728b)
Start importing Assets/Settings/URP-HighFidelity.asset using Guid(7b7fd9122c28c4d15b667c7040e3b3fd) Importer(815301076,1909f56bfc062723c751e8b465ee728b)  -> (artifact id: 'f373e007559208dbd952668fc8601503') in 0.015830 seconds 
========================================================================
Received Import Request.
  Time since last request: 0.000038 seconds.
  path: Assets/Settings/URP-Performant-Renderer.asset
  artifactKey: Guid(707360a9c581a4bd7aa53bfeb1429f71) Importer(815301076,1909f56bfc062723c751e8b465ee728b)
Start importing Assets/Settings/URP-Performant-Renderer.asset using Guid(707360a9c581a4bd7aa53bfeb1429f71) Importer(815301076,1909f56bfc062723c751e8b465ee728b)  -> (artifact id: 'd1851fb5d14fdf4fbaae77cf6351644c') in 0.176590 seconds 
========================================================================
Received Import Request.
  Time since last request: 0.000029 seconds.
  path: Assets/Settings/URP-HighFidelity-Renderer.asset
  artifactKey: Guid(c40be3174f62c4acf8c1216858c64956) Importer(815301076,1909f56bfc062723c751e8b465ee728b)
Start importing Assets/Settings/URP-HighFidelity-Renderer.asset using Guid(c40be3174f62c4acf8c1216858c64956) Importer(815301076,1909f56bfc062723c751e8b465ee728b)  -> (artifact id: '8c5c5fc8b1b02e1677c8685b0f96d7ea') in 0.011894 seconds 
========================================================================
Received Import Request.
  Time since last request: 0.000115 seconds.
  path: Assets/Settings/URP-Performant.asset
  artifactKey: Guid(d0e2fc18fe036412f8223b3b3d9ad574) Importer(815301076,1909f56bfc062723c751e8b465ee728b)
Start importing Assets/Settings/URP-Performant.asset using Guid(d0e2fc18fe036412f8223b3b3d9ad574) Importer(815301076,1909f56bfc062723c751e8b465ee728b)  -> (artifact id: '487870a79fa3f7c27236b295a642ea4f') in 0.011617 seconds 
========================================================================
Received Import Request.
  Time since last request: 0.000057 seconds.
  path: Assets/Settings/URP-Balanced.asset
  artifactKey: Guid(e1260c1148f6143b28bae5ace5e9c5d1) Importer(815301076,1909f56bfc062723c751e8b465ee728b)
Start importing Assets/Settings/URP-Balanced.asset using Guid(e1260c1148f6143b28bae5ace5e9c5d1) Importer(815301076,1909f56bfc062723c751e8b465ee728b)  -> (artifact id: '6047c07203615f35ba524aebf06ab1ff') in 0.012525 seconds 
========================================================================
Received Import Request.
  Time since last request: 6.804136 seconds.
  path: Assets/Haruka_AnimeStyleGirl/FBX/Haruka_Dress_A.fbx
  artifactKey: Guid(20deec9bd7e5b34409b627ce3f658a07) Importer(815301076,1909f56bfc062723c751e8b465ee728b)
Start importing Assets/Haruka_AnimeStyleGirl/FBX/Haruka_Dress_A.fbx using Guid(20deec9bd7e5b34409b627ce3f658a07) Importer(815301076,1909f56bfc062723c751e8b465ee728b)  -> (artifact id: '35004e1d8f2dbd2700a1ad680a57e967') in 9.582073 seconds 
========================================================================
Received Import Request.
  Time since last request: 0.000056 seconds.
  path: Assets/Haruka_AnimeStyleGirl/Textures/Eye_Highlight.png
  artifactKey: Guid(0d75253042de96145a5b12bf5304e053) Importer(815301076,1909f56bfc062723c751e8b465ee728b)
Start importing Assets/Haruka_AnimeStyleGirl/Textures/Eye_Highlight.png using Guid(0d75253042de96145a5b12bf5304e053) Importer(815301076,1909f56bfc062723c751e8b465ee728b)  -> (artifact id: '73fcc38dbec9ce92a43d2d5ecb04891e') in 0.045887 seconds 
========================================================================
Received Import Request.
  Time since last request: 0.000051 seconds.
  path: Assets/Haruka_AnimeStyleGirl/Textures/HeadBind_color_A.png
  artifactKey: Guid(4dab513a4d1050a48b20f7c022c7fff9) Importer(815301076,1909f56bfc062723c751e8b465ee728b)
Start importing Assets/Haruka_AnimeStyleGirl/Textures/HeadBind_color_A.png using Guid(4dab513a4d1050a48b20f7c022c7fff9) Importer(815301076,1909f56bfc062723c751e8b465ee728b)  -> (artifact id: 'f2c4165b501ede9db53001870d00f60f') in 0.029186 seconds 
========================================================================
Received Import Request.
  Time since last request: 0.000029 seconds.
  path: Assets/Haruka_AnimeStyleGirl/Textures/Eye_Brow.png
  artifactKey: Guid(2138e9ae2dcf1ff459c15e3741eb27ce) Importer(815301076,1909f56bfc062723c751e8b465ee728b)
Start importing Assets/Haruka_AnimeStyleGirl/Textures/Eye_Brow.png using Guid(2138e9ae2dcf1ff459c15e3741eb27ce) Importer(815301076,1909f56bfc062723c751e8b465ee728b)  -> (artifact id: '4315185fefd75787a67ee1571b92a01b') in 0.045021 seconds 
========================================================================
Received Import Request.
  Time since last request: 0.000028 seconds.
  path: Assets/Haruka_AnimeStyleGirl/Materials/M_Eye.mat
  artifactKey: Guid(c4b39c6084124ac4b8ccc15beff3b9a4) Importer(815301076,1909f56bfc062723c751e8b465ee728b)
Start importing Assets/Haruka_AnimeStyleGirl/Materials/M_Eye.mat using Guid(c4b39c6084124ac4b8ccc15beff3b9a4) Importer(815301076,1909f56bfc062723c751e8b465ee728b)  -> (artifact id: '969a9a36b7f0128deeedd9c8b455211f') in 0.043432 seconds 
========================================================================
Received Import Request.
  Time since last request: 0.000183 seconds.
  path: Assets/Haruka_AnimeStyleGirl/Materials/M_Face.mat
  artifactKey: Guid(83af8f2ca8da7cc429697b943aa46845) Importer(815301076,1909f56bfc062723c751e8b465ee728b)
Start importing Assets/Haruka_AnimeStyleGirl/Materials/M_Face.mat using Guid(83af8f2ca8da7cc429697b943aa46845) Importer(815301076,1909f56bfc062723c751e8b465ee728b)  -> (artifact id: '0e02fa93645a337b203b687286e9cbb8') in 0.054681 seconds 
========================================================================
Received Import Request.
  Time since last request: 0.000029 seconds.
  path: Assets/Haruka_AnimeStyleGirl/Textures/Shoes_A.png
  artifactKey: Guid(4e0c18d9e8c3fa34ea215654a0d95f6c) Importer(815301076,1909f56bfc062723c751e8b465ee728b)
Start importing Assets/Haruka_AnimeStyleGirl/Textures/Shoes_A.png using Guid(4e0c18d9e8c3fa34ea215654a0d95f6c) Importer(815301076,1909f56bfc062723c751e8b465ee728b)  -> (artifact id: '7be6bc46aa9aa5ac713b1f3a4d2f6dc2') in 0.038620 seconds 
========================================================================
Received Import Request.
  Time since last request: 0.000093 seconds.
  path: Assets/Haruka_AnimeStyleGirl/Textures/Eye_White.png
  artifactKey: Guid(033ec92950ac15c45954ca42a5d08aca) Importer(815301076,1909f56bfc062723c751e8b465ee728b)
Start importing Assets/Haruka_AnimeStyleGirl/Textures/Eye_White.png using Guid(033ec92950ac15c45954ca42a5d08aca) Importer(815301076,1909f56bfc062723c751e8b465ee728b)  -> (artifact id: '9bb2d938d6ca3ba72bf6589d7eef35a1') in 0.044613 seconds 
========================================================================
Received Import Request.
  Time since last request: 0.000045 seconds.
  path: Assets/Haruka_AnimeStyleGirl/Materials/M_HairBind_A.mat
  artifactKey: Guid(f4c5d3f1e1960b045bbeed8cfe09c2ee) Importer(815301076,1909f56bfc062723c751e8b465ee728b)
Start importing Assets/Haruka_AnimeStyleGirl/Materials/M_HairBind_A.mat using Guid(f4c5d3f1e1960b045bbeed8cfe09c2ee) Importer(815301076,1909f56bfc062723c751e8b465ee728b)  -> (artifact id: 'a9fcbe213b84a3e1a7862295b7f91cd4') in 0.046900 seconds 
========================================================================
Received Import Request.
  Time since last request: 0.000140 seconds.
  path: Assets/Haruka_AnimeStyleGirl/Materials/M_Underwear_A.mat
  artifactKey: Guid(5366df1b07d12cd4896bccfff3ba0fd2) Importer(815301076,1909f56bfc062723c751e8b465ee728b)
Start importing Assets/Haruka_AnimeStyleGirl/Materials/M_Underwear_A.mat using Guid(5366df1b07d12cd4896bccfff3ba0fd2) Importer(815301076,1909f56bfc062723c751e8b465ee728b)  -> (artifact id: 'e1db85a56304ad0866c355275cef4557') in 0.047296 seconds 
========================================================================
Received Import Request.
  Time since last request: 0.000022 seconds.
  path: Assets/Haruka_AnimeStyleGirl/Materials/M_Eye_L_1.mat
  artifactKey: Guid(3f7591d31d74deb488607180fa74c3d7) Importer(815301076,1909f56bfc062723c751e8b465ee728b)
Start importing Assets/Haruka_AnimeStyleGirl/Materials/M_Eye_L_1.mat using Guid(3f7591d31d74deb488607180fa74c3d7) Importer(815301076,1909f56bfc062723c751e8b465ee728b)  -> (artifact id: 'a8ced7134f72772a4339ef07369f1cac') in 0.053400 seconds 
========================================================================
Received Import Request.
  Time since last request: 0.000033 seconds.
  path: Assets/Haruka_AnimeStyleGirl/Textures/Eyelash_01.png
  artifactKey: Guid(026ea496e02fe724e8b486aa86c27292) Importer(815301076,1909f56bfc062723c751e8b465ee728b)
Start importing Assets/Haruka_AnimeStyleGirl/Textures/Eyelash_01.png using Guid(026ea496e02fe724e8b486aa86c27292) Importer(815301076,1909f56bfc062723c751e8b465ee728b)  -> (artifact id: 'b9f5d91fa13939ffd403030a100dda40') in 0.041719 seconds 
========================================================================
Received Import Request.
  Time since last request: 0.000043 seconds.
  path: Assets/Haruka_AnimeStyleGirl/Materials/M_Dress_B.mat
  artifactKey: Guid(6002d51a9cc548248952b0bb6b325ce6) Importer(815301076,1909f56bfc062723c751e8b465ee728b)
Start importing Assets/Haruka_AnimeStyleGirl/Materials/M_Dress_B.mat using Guid(6002d51a9cc548248952b0bb6b325ce6) Importer(815301076,1909f56bfc062723c751e8b465ee728b)  -> (artifact id: 'f86e6d38d28810bae5c3ebfc98156d11') in 1.658375 seconds 
========================================================================
Received Import Request.
  Time since last request: 0.000025 seconds.
  path: Assets/Haruka_AnimeStyleGirl/Textures/M_skin_Base_Color.png
  artifactKey: Guid(2dc363b9dacf53c4f96b600546eac872) Importer(815301076,1909f56bfc062723c751e8b465ee728b)
Start importing Assets/Haruka_AnimeStyleGirl/Textures/M_skin_Base_Color.png using Guid(2dc363b9dacf53c4f96b600546eac872) Importer(815301076,1909f56bfc062723c751e8b465ee728b)  -> (artifact id: '8e5701bfdbcc6bde2e1673574e2b0c95') in 0.023733 seconds 
========================================================================
Received Import Request.
  Time since last request: 0.000093 seconds.
  path: Assets/Haruka_AnimeStyleGirl/Materials/M_Eye_HL.mat
  artifactKey: Guid(1915e8b0de4e8654b8666bed8e3c2e1b) Importer(815301076,1909f56bfc062723c751e8b465ee728b)
Start importing Assets/Haruka_AnimeStyleGirl/Materials/M_Eye_HL.mat using Guid(1915e8b0de4e8654b8666bed8e3c2e1b) Importer(815301076,1909f56bfc062723c751e8b465ee728b)  -> (artifact id: '5574ef2fdffd7f8cd2327b37cdfca2bd') in 0.029479 seconds 
========================================================================
Received Import Request.
  Time since last request: 0.000050 seconds.
  path: Assets/Haruka_AnimeStyleGirl/FBX/Haruka_Uniform_A.fbx
  artifactKey: Guid(d5b98685b11896d409b16674bf264cb8) Importer(815301076,1909f56bfc062723c751e8b465ee728b)
Start importing Assets/Haruka_AnimeStyleGirl/FBX/Haruka_Uniform_A.fbx using Guid(d5b98685b11896d409b16674bf264cb8) Importer(815301076,1909f56bfc062723c751e8b465ee728b)  -> (artifact id: '20015bbc8caafd13199bc06365717a00') in 2.362236 seconds 
========================================================================
Received Import Request.
  Time since last request: 0.000101 seconds.
  path: Assets/Haruka_AnimeStyleGirl/Textures/Mouth.png
  artifactKey: Guid(71f1274cb196f3340a4c2578cc248c5f) Importer(815301076,1909f56bfc062723c751e8b465ee728b)
Start importing Assets/Haruka_AnimeStyleGirl/Textures/Mouth.png using Guid(71f1274cb196f3340a4c2578cc248c5f) Importer(815301076,1909f56bfc062723c751e8b465ee728b)  -> (artifact id: '72db468adbc8c0925619160a70aa1a72') in 0.052048 seconds 
========================================================================
Received Import Request.
  Time since last request: 0.000039 seconds.
  path: Assets/Haruka_AnimeStyleGirl/Textures/F00_000_Hair_00_nml.normal.png
  artifactKey: Guid(06c64068451ad0546b54fe2f7047d5c1) Importer(815301076,1909f56bfc062723c751e8b465ee728b)
Start importing Assets/Haruka_AnimeStyleGirl/Textures/F00_000_Hair_00_nml.normal.png using Guid(06c64068451ad0546b54fe2f7047d5c1) Importer(815301076,1909f56bfc062723c751e8b465ee728b)  -> (artifact id: 'f8cc6767acfc07e02f6cbf4c37f2e089') in 0.023663 seconds 
========================================================================
Received Import Request.
  Time since last request: 0.000043 seconds.
  path: Assets/Haruka_AnimeStyleGirl/Textures/Face.png
  artifactKey: Guid(a734ab7860e283f4cb5e50372a01fa3d) Importer(815301076,1909f56bfc062723c751e8b465ee728b)
Start importing Assets/Haruka_AnimeStyleGirl/Textures/Face.png using Guid(a734ab7860e283f4cb5e50372a01fa3d) Importer(815301076,1909f56bfc062723c751e8b465ee728b)  -> (artifact id: '535dad6110780fe38bc63ea59dd199f9') in 0.030252 seconds 
========================================================================
Received Import Request.
  Time since last request: 0.000026 seconds.
  path: Assets/Haruka_AnimeStyleGirl/Materials/M_Skin.mat
  artifactKey: Guid(417c6c53540fffb4cb940b21c9abb70e) Importer(815301076,1909f56bfc062723c751e8b465ee728b)
Start importing Assets/Haruka_AnimeStyleGirl/Materials/M_Skin.mat using Guid(417c6c53540fffb4cb940b21c9abb70e) Importer(815301076,1909f56bfc062723c751e8b465ee728b)  -> (artifact id: '1b77f03cce360430152165022102a90f') in 0.042674 seconds 
========================================================================
Received Import Request.
  Time since last request: 0.000032 seconds.
  path: Assets/Haruka_AnimeStyleGirl/Textures/Dress_Color_B.png
  artifactKey: Guid(c1eb8eceb61c0754c91d0f414187ba96) Importer(815301076,1909f56bfc062723c751e8b465ee728b)
Start importing Assets/Haruka_AnimeStyleGirl/Textures/Dress_Color_B.png using Guid(c1eb8eceb61c0754c91d0f414187ba96) Importer(815301076,1909f56bfc062723c751e8b465ee728b)  -> (artifact id: 'c8bc042302c54bc9e7a4a6da42d73a21') in 0.048127 seconds 
========================================================================
Received Import Request.
  Time since last request: 0.000042 seconds.
  path: Assets/Haruka_AnimeStyleGirl/Textures/F00_000_Hair_00_89.png
  artifactKey: Guid(b70d0268c02672d408c7053b1a2590e9) Importer(815301076,1909f56bfc062723c751e8b465ee728b)
Start importing Assets/Haruka_AnimeStyleGirl/Textures/F00_000_Hair_00_89.png using Guid(b70d0268c02672d408c7053b1a2590e9) Importer(815301076,1909f56bfc062723c751e8b465ee728b)  -> (artifact id: '1dcd05d4aa1959e71625250565d09d4f') in 0.044325 seconds 
========================================================================
Received Import Request.
  Time since last request: 0.000076 seconds.
  path: Assets/Haruka_AnimeStyleGirl/Materials/M_Shoes_F_3_A.mat
  artifactKey: Guid(c429b843013d0ca4199c2cccfe7ef1eb) Importer(815301076,1909f56bfc062723c751e8b465ee728b)
Start importing Assets/Haruka_AnimeStyleGirl/Materials/M_Shoes_F_3_A.mat using Guid(c429b843013d0ca4199c2cccfe7ef1eb) Importer(815301076,1909f56bfc062723c751e8b465ee728b)  -> (artifact id: '4501848e407e7ae605e021c463e838a1') in 0.078774 seconds 
========================================================================
Received Import Request.
  Time since last request: 0.000033 seconds.
  path: Assets/Haruka_AnimeStyleGirl/Materials/M_HairBack.mat
  artifactKey: Guid(c896b2ae3b489ad47b94a22fc209477b) Importer(815301076,1909f56bfc062723c751e8b465ee728b)
Start importing Assets/Haruka_AnimeStyleGirl/Materials/M_HairBack.mat using Guid(c896b2ae3b489ad47b94a22fc209477b) Importer(815301076,1909f56bfc062723c751e8b465ee728b)  -> (artifact id: '313a7f553023b38f0d6857de4bce6f74') in 0.028779 seconds 
========================================================================
Received Import Request.
  Time since last request: 0.000088 seconds.
  path: Assets/Haruka_AnimeStyleGirl/Textures/Eye_Base_02.png
  artifactKey: Guid(51d28717637d9f04e8388a86b28c9935) Importer(815301076,1909f56bfc062723c751e8b465ee728b)
Start importing Assets/Haruka_AnimeStyleGirl/Textures/Eye_Base_02.png using Guid(51d28717637d9f04e8388a86b28c9935) Importer(815301076,1909f56bfc062723c751e8b465ee728b)  -> (artifact id: 'e46c6f9258772f6fd051d261dc784c05') in 0.039243 seconds 
========================================================================
Received Import Request.
  Time since last request: 0.000027 seconds.
  path: Assets/Haruka_AnimeStyleGirl/Textures/Eyelash_02.png
  artifactKey: Guid(3bd03fdf1eedd6347b83d7de86c1b157) Importer(815301076,1909f56bfc062723c751e8b465ee728b)
Start importing Assets/Haruka_AnimeStyleGirl/Textures/Eyelash_02.png using Guid(3bd03fdf1eedd6347b83d7de86c1b157) Importer(815301076,1909f56bfc062723c751e8b465ee728b)  -> (artifact id: '77ada63182093626af76ed00e9381e38') in 0.019361 seconds 
========================================================================
Received Import Request.
  Time since last request: 0.000058 seconds.
  path: Assets/Haruka_AnimeStyleGirl/Materials/M_Hair.mat
  artifactKey: Guid(44c7f70b2a3be174cad2704dd8722227) Importer(815301076,1909f56bfc062723c751e8b465ee728b)
Start importing Assets/Haruka_AnimeStyleGirl/Materials/M_Hair.mat using Guid(44c7f70b2a3be174cad2704dd8722227) Importer(815301076,1909f56bfc062723c751e8b465ee728b)  -> (artifact id: '47ce818d80f3dc8ce6f3dfefb45e2686') in 0.036578 seconds 
========================================================================
Received Import Request.
  Time since last request: 0.000028 seconds.
  path: Assets/Haruka_AnimeStyleGirl/Textures/HairBack_89.png
  artifactKey: Guid(bfe92f6808796f84590ec3bc439a2c19) Importer(815301076,1909f56bfc062723c751e8b465ee728b)
Start importing Assets/Haruka_AnimeStyleGirl/Textures/HairBack_89.png using Guid(bfe92f6808796f84590ec3bc439a2c19) Importer(815301076,1909f56bfc062723c751e8b465ee728b)  -> (artifact id: '3bb19a1d44dfd9d2cf36b1f1c08edf81') in 0.022326 seconds 
========================================================================
Received Import Request.
  Time since last request: 0.000034 seconds.
  path: Assets/Haruka_AnimeStyleGirl/Materials/M_Mouth.mat
  artifactKey: Guid(b5ea10b3333382545a19db5faa3c9175) Importer(815301076,1909f56bfc062723c751e8b465ee728b)
Start importing Assets/Haruka_AnimeStyleGirl/Materials/M_Mouth.mat using Guid(b5ea10b3333382545a19db5faa3c9175) Importer(815301076,1909f56bfc062723c751e8b465ee728b)  -> (artifact id: '7cbf852a844cb763c1d5668a2d738475') in 0.731024 seconds 
========================================================================
Received Import Request.
  Time since last request: 0.000029 seconds.
  path: Assets/Haruka_AnimeStyleGirl/Materials/M_Uniform_A.mat
  artifactKey: Guid(18b6b838798f2ff4181c429e791d3f41) Importer(815301076,1909f56bfc062723c751e8b465ee728b)
Start importing Assets/Haruka_AnimeStyleGirl/Materials/M_Uniform_A.mat using Guid(18b6b838798f2ff4181c429e791d3f41) Importer(815301076,1909f56bfc062723c751e8b465ee728b)  -> (artifact id: '911254ef0742bbb85b6f0e262cfd1bc8') in 0.053450 seconds 
========================================================================
Received Import Request.
  Time since last request: 0.000068 seconds.
  path: Assets/Haruka_AnimeStyleGirl/Materials/M_Shoes.mat
  artifactKey: Guid(7359d267e5fe3304f8389ae5ed53a38b) Importer(815301076,1909f56bfc062723c751e8b465ee728b)
Start importing Assets/Haruka_AnimeStyleGirl/Materials/M_Shoes.mat using Guid(7359d267e5fe3304f8389ae5ed53a38b) Importer(815301076,1909f56bfc062723c751e8b465ee728b)  -> (artifact id: '2f8eadca94ea7fd68603028669d1f35f') in 0.045555 seconds 
========================================================================
Received Import Request.
  Time since last request: 0.000079 seconds.
  path: Assets/Haruka_AnimeStyleGirl/Textures/Base_JK_5.png
  artifactKey: Guid(022d25d97fcd4d440a3276416b23d642) Importer(815301076,1909f56bfc062723c751e8b465ee728b)
Start importing Assets/Haruka_AnimeStyleGirl/Textures/Base_JK_5.png using Guid(022d25d97fcd4d440a3276416b23d642) Importer(815301076,1909f56bfc062723c751e8b465ee728b)  -> (artifact id: 'cb467f729fb4224191d526497e210e4f') in 0.043312 seconds 
========================================================================
Received Import Request.
  Time since last request: 0.000029 seconds.
  path: Assets/Haruka_AnimeStyleGirl/Materials/M_Eye_L_2.mat
  artifactKey: Guid(da7f8d82b7d8c484a9f40ec3a924cc75) Importer(815301076,1909f56bfc062723c751e8b465ee728b)
Start importing Assets/Haruka_AnimeStyleGirl/Materials/M_Eye_L_2.mat using Guid(da7f8d82b7d8c484a9f40ec3a924cc75) Importer(815301076,1909f56bfc062723c751e8b465ee728b)  -> (artifact id: 'f11154420bdbfba0d8c6257bfb7f75f5') in 0.045440 seconds 
========================================================================
Received Import Request.
  Time since last request: 0.000029 seconds.
  path: Assets/Haruka_AnimeStyleGirl/Materials/M_Eye_L_3.mat
  artifactKey: Guid(73a89161ced23ec429c0a38f4227da4c) Importer(815301076,1909f56bfc062723c751e8b465ee728b)
Start importing Assets/Haruka_AnimeStyleGirl/Materials/M_Eye_L_3.mat using Guid(73a89161ced23ec429c0a38f4227da4c) Importer(815301076,1909f56bfc062723c751e8b465ee728b)  -> (artifact id: 'e0344d30b524d0ae0859645e381f1b70') in 0.047060 seconds 
========================================================================
Received Import Request.
  Time since last request: 0.000029 seconds.
  path: Assets/Haruka_AnimeStyleGirl/Prefabs/Haruka_Dress_B.prefab
  artifactKey: Guid(b7369bcadb1192a42bd02cd96b11b804) Importer(815301076,1909f56bfc062723c751e8b465ee728b)
Start importing Assets/Haruka_AnimeStyleGirl/Prefabs/Haruka_Dress_B.prefab using Guid(b7369bcadb1192a42bd02cd96b11b804) Importer(815301076,1909f56bfc062723c751e8b465ee728b)  -> (artifact id: '26bae53c79c763ff7237fe7f6fee10fd') in 0.092659 seconds 
========================================================================
Received Import Request.
  Time since last request: 0.000042 seconds.
  path: Assets/Haruka_AnimeStyleGirl/Materials/M_Sock_A.mat
  artifactKey: Guid(611186de813d70546add9dce95b304de) Importer(815301076,1909f56bfc062723c751e8b465ee728b)
Start importing Assets/Haruka_AnimeStyleGirl/Materials/M_Sock_A.mat using Guid(611186de813d70546add9dce95b304de) Importer(815301076,1909f56bfc062723c751e8b465ee728b)  -> (artifact id: 'a2f9611babf275407e6fc1bc32b3e8e2') in 0.030453 seconds 
========================================================================
Received Import Request.
  Time since last request: 0.000025 seconds.
  path: Assets/Haruka_AnimeStyleGirl/Materials/M_Dress_A.mat
  artifactKey: Guid(bcd59412d06c5b04ba3ee38b7c8eebdc) Importer(815301076,1909f56bfc062723c751e8b465ee728b)
Start importing Assets/Haruka_AnimeStyleGirl/Materials/M_Dress_A.mat using Guid(bcd59412d06c5b04ba3ee38b7c8eebdc) Importer(815301076,1909f56bfc062723c751e8b465ee728b)  -> (artifact id: '2972ea9616ee41ed8285d217931aa65f') in 0.045942 seconds 
========================================================================
Received Import Request.
  Time since last request: 0.000063 seconds.
  path: Assets/Haruka_AnimeStyleGirl/Textures/Dress_Color_A.png
  artifactKey: Guid(6e7543dc25356c546bb97c607eeee200) Importer(815301076,1909f56bfc062723c751e8b465ee728b)
Start importing Assets/Haruka_AnimeStyleGirl/Textures/Dress_Color_A.png using Guid(6e7543dc25356c546bb97c607eeee200) Importer(815301076,1909f56bfc062723c751e8b465ee728b)  -> (artifact id: 'f2ea11f89627f1d5a9228f448ad4bd84') in 0.041183 seconds 
========================================================================
Received Import Request.
  Time since last request: 0.000036 seconds.
  path: Assets/Haruka_AnimeStyleGirl/Materials/M_Eye_white.mat
  artifactKey: Guid(09cfc66f0c2b3a542bca4f32144a340d) Importer(815301076,1909f56bfc062723c751e8b465ee728b)
Start importing Assets/Haruka_AnimeStyleGirl/Materials/M_Eye_white.mat using Guid(09cfc66f0c2b3a542bca4f32144a340d) Importer(815301076,1909f56bfc062723c751e8b465ee728b)  -> (artifact id: '4d5e43f4b35122a09d0be8d5ce6741ac') in 0.045094 seconds 
========================================================================
Received Import Request.
  Time since last request: 0.000032 seconds.
  path: Assets/Haruka_AnimeStyleGirl/Prefabs/Haruka_Uniform_A.prefab
  artifactKey: Guid(af40a3f802a305e40a572ad5530fbed5) Importer(815301076,1909f56bfc062723c751e8b465ee728b)
Start importing Assets/Haruka_AnimeStyleGirl/Prefabs/Haruka_Uniform_A.prefab using Guid(af40a3f802a305e40a572ad5530fbed5) Importer(815301076,1909f56bfc062723c751e8b465ee728b)  -> (artifact id: 'f31058d73c7639846bcee2d56e8a8c7d') in 0.075708 seconds 
========================================================================
Received Import Request.
  Time since last request: 7.225030 seconds.
  path: Assets/Resources/Hestia_v1.0_2.79.fbx
  artifactKey: Guid(16cb3325c4001674f9ee119c7c2e5587) Importer(815301076,1909f56bfc062723c751e8b465ee728b)
Start importing Assets/Resources/Hestia_v1.0_2.79.fbx using Guid(16cb3325c4001674f9ee119c7c2e5587) Importer(815301076,1909f56bfc062723c751e8b465ee728b)  -> (artifact id: 'f967cdc6b9d22437d14ef0f457b687f2') in 0.131084 seconds 
========================================================================
Received Prepare
Registering precompiled user dll's ...
Registered in 0.008769 seconds.
Begin MonoManager ReloadAssembly
Symbol file LoadedFromMemory doesn't match image E:\BlackSlik\Library\PackageCache\com.unity.visualscripting@1.7.8\Editor\VisualScripting.Core\Dependencies\YamlDotNet\Unity.VisualScripting.YamlDotNet.dll
Symbol file LoadedFromMemory doesn't match image E:\BlackSlik\Library\PackageCache\com.unity.visualscripting@1.7.8\Editor\VisualScripting.Core\Dependencies\DotNetZip\Unity.VisualScripting.IonicZip.dll
Native extension for WindowsStandalone target not found
Native extension for WebGL target not found
Refreshing native plugins compatible for Editor in 0.99 ms, found 3 plugins.
Preloading 0 native plugins for Editor in 0.00 ms.
Mono: successfully reloaded assembly
- Completed reload, in  1.064 seconds
Domain Reload Profiling:
	ReloadAssembly (1064ms)
		BeginReloadAssembly (139ms)
			ExecutionOrderSort (0ms)
			DisableScriptedObjects (7ms)
			BackupInstance (0ms)
			ReleaseScriptingObjects (0ms)
			CreateAndSetChildDomain (40ms)
		EndReloadAssembly (830ms)
			LoadAssemblies (79ms)
			RebuildTransferFunctionScriptingTraits (0ms)
			SetupTypeCache (241ms)
			ReleaseScriptCaches (1ms)
			RebuildScriptCaches (39ms)
			SetupLoadedEditorAssemblies (385ms)
				LogAssemblyErrors (0ms)
				InitializePlatformSupportModulesInManaged (13ms)
				SetLoadedEditorAssemblies (0ms)
				RefreshPlugins (1ms)
				BeforeProcessingInitializeOnLoad (71ms)
				ProcessInitializeOnLoadAttributes (203ms)
				ProcessInitializeOnLoadMethodAttributes (84ms)
				AfterProcessingInitializeOnLoad (13ms)
				EditorAssembliesLoaded (0ms)
			ExecutionOrderSort2 (0ms)
			AwakeInstancesAfterBackupRestoration (22ms)
Platform modules already initialized, skipping
Refreshing native plugins compatible for Editor in 2.75 ms, found 3 plugins.
Preloading 0 native plugins for Editor in 0.00 ms.
Unloading 4907 Unused Serialized files (Serialized files now loaded: 0)
Unloading 30 unused Assets / (0.7 MB). Loaded Objects now: 5584.
Memory consumption went from 197.0 MB to 196.3 MB.
Total: 4.529600 ms (FindLiveObjects: 0.383400 ms CreateObjectMapping: 0.387700 ms MarkObjects: 3.221100 ms  DeleteObjects: 0.536000 ms)

AssetImportParameters requested are different than current active one (requested -> active):
  custom:video-decoder-ogg-theora: a1e56fd34408186e4bbccfd4996cb3dc -> 
  custom:container-muxer-webm: aa71ff27fc2769a1b78a27578f13a17b -> 
  custom:container-demuxer-webm: 4f35f7cbe854078d1ac9338744f61a02 -> 
  custom:video-encoder-webm-vp8: eb34c28f22e8b96e1ab97ce403110664 -> 
  custom:audio-encoder-webm-vorbis: bf7c407c2cedff20999df2af8eb42d56 -> 
  custom:framework-win-MediaFoundation: 216162199b28c13a410421893ffa2e32 -> 
  custom:container-demuxer-ogg: 62fdf1f143b41e24485cea50d1cbac27 -> 
  custom:video-decoder-webm-vp8: 9c59270c3fd7afecdb556c50c9e8de78 -> 
  custom:audio-decoder-ogg-vorbis: bf7c407c2cedff20999df2af8eb42d56 -> 
========================================================================
Received Import Request.
  Time since last request: 90.433288 seconds.
  path: Assets/Resources
  artifactKey: Guid(dc2664d1a23da054e930fed56c20ef36) Importer(815301076,1909f56bfc062723c751e8b465ee728b)
Start importing Assets/Resources using Guid(dc2664d1a23da054e930fed56c20ef36) Importer(815301076,1909f56bfc062723c751e8b465ee728b)  -> (artifact id: '878d1c4eef69b34181b5283ef853283d') in 0.031620 seconds 
========================================================================
Received Import Request.
  Time since last request: 8.039456 seconds.
  path: Assets/Resources/Envirment
  artifactKey: Guid(6117ef1fa4e2fd346b8f3f3d809731f1) Importer(815301076,1909f56bfc062723c751e8b465ee728b)
Start importing Assets/Resources/Envirment using Guid(6117ef1fa4e2fd346b8f3f3d809731f1) Importer(815301076,1909f56bfc062723c751e8b465ee728b)  -> (artifact id: '83aa52681cf33cd50360b252c032db4e') in 0.007876 seconds 
========================================================================
Received Import Request.
  Time since last request: 6.780914 seconds.
  path: Assets/Resources/Envirement
  artifactKey: Guid(6117ef1fa4e2fd346b8f3f3d809731f1) Importer(815301076,1909f56bfc062723c751e8b465ee728b)
Start importing Assets/Resources/Envirement using Guid(6117ef1fa4e2fd346b8f3f3d809731f1) Importer(815301076,1909f56bfc062723c751e8b465ee728b)  -> (artifact id: '69e7be47733eb61bcdbfc0556c3040e7') in 0.006732 seconds 
========================================================================
Received Import Request.
  Time since last request: 43.848917 seconds.
  path: Assets/Resources/Slik
  artifactKey: Guid(89352eba7c6ac934fae42a3082f1a53c) Importer(815301076,1909f56bfc062723c751e8b465ee728b)
Start importing Assets/Resources/Slik using Guid(89352eba7c6ac934fae42a3082f1a53c) Importer(815301076,1909f56bfc062723c751e8b465ee728b)  -> (artifact id: '06bbba65fd64cad996ad306e4aaf6705') in 0.008958 seconds 
========================================================================
Received Import Request.
  Time since last request: 25.312848 seconds.
  path: Assets/Resources/Texture
  artifactKey: Guid(fbebceda821c70c42af13b727c83f599) Importer(815301076,1909f56bfc062723c751e8b465ee728b)
Start importing Assets/Resources/Texture using Guid(fbebceda821c70c42af13b727c83f599) Importer(815301076,1909f56bfc062723c751e8b465ee728b)  -> (artifact id: 'fcd57d3f4a0ccd417f63c9e299fce689') in 0.007014 seconds 
========================================================================
Received Import Request.
  Time since last request: 28.860056 seconds.
  path: Assets/Resources/New Material.mat
  artifactKey: Guid(a807dd84ae2839a478788a06e5429409) Importer(815301076,1909f56bfc062723c751e8b465ee728b)
Start importing Assets/Resources/New Material.mat using Guid(a807dd84ae2839a478788a06e5429409) Importer(815301076,1909f56bfc062723c751e8b465ee728b)  -> (artifact id: '846323a77f7d4c72e87b286008a8791c') in 0.206146 seconds 
========================================================================
Received Import Request.
  Time since last request: 38.510345 seconds.
  path: Assets/Resources/BlackSilk.shadergraph
  artifactKey: Guid(68a6447b9f2ae0643a74a8ed47f583dc) Importer(815301076,1909f56bfc062723c751e8b465ee728b)
Start importing Assets/Resources/BlackSilk.shadergraph using Guid(68a6447b9f2ae0643a74a8ed47f583dc) Importer(815301076,1909f56bfc062723c751e8b465ee728b)  -> (artifact id: 'f1e957dc239add546eb775cd90c016c2') in 0.007255 seconds 
========================================================================
Received Import Request.
  Time since last request: 1.759897 seconds.
  path: Assets/Resources/CamerCapture.cs
  artifactKey: Guid(14a4d7f027c8de940bac9a00b2426909) Importer(815301076,1909f56bfc062723c751e8b465ee728b)
Start importing Assets/Resources/CamerCapture.cs using Guid(14a4d7f027c8de940bac9a00b2426909) Importer(815301076,1909f56bfc062723c751e8b465ee728b)  -> (artifact id: '4157071ace5fcfd02db55c3a371604bf') in 0.007865 seconds 
========================================================================
Received Import Request.
  Time since last request: 7.696955 seconds.
  path: Assets/Resources/New Animator Controller.controller
  artifactKey: Guid(60b96766f135c714eb4bdb3943b5ab74) Importer(815301076,1909f56bfc062723c751e8b465ee728b)
Start importing Assets/Resources/New Animator Controller.controller using Guid(60b96766f135c714eb4bdb3943b5ab74) Importer(815301076,1909f56bfc062723c751e8b465ee728b)  -> (artifact id: '7a65207c7e6a821e1d8d1309aa41062e') in 0.009776 seconds 
